#
# There is insufficient memory for the Java Runtime Environment to continue.
# Native memory allocation (mmap) failed to map 65536 bytes for Failed to commit metaspace.
# Possible reasons:
#   The system is out of physical RAM or swap space
#   The process is running with CompressedOops enabled, and the Java Heap may be blocking the growth of the native heap
# Possible solutions:
#   Reduce memory load on the system
#   Increase physical memory or swap space
#   Check if swap backing store is full
#   Decrease Java heap size (-Xmx/-Xms)
#
#  Out of Memory Error, pid=3744# JRE version: Java(TM) SE Runtime Environment (17.0.12+8) (build 17.0.12+8-LTS-286)
# Java VM: Java HotSpot(TM) 64-Bit Server VM (17.0.12+8-LTS-286, mixed mode, sharing, tiered, compressed oops, compressed class ptrs, g1 gc, windows-amd64)
# No core dump will be written. Minidumps are not enabled by default on client versions of Windows
#

---------------  S U M M A R Y ------------

Command Line: -Dorg.gradle.appname=gradlew org.gradle.wrapper.GradleWrapperMain -q -Ptarget-platform=android-arm64 -Ptarget=C:\FlutterApps\chatapp\lib\main.dart -Pbase-application-name=android.app.Application -Pdart-defines=RkxVVFRFUl9WRVJTSU9OPTMuMzUuNg==,RkxVVFRFUl9DSEFOTkVMPXN0YWJsZQ==,RkxVVFRFUl9HSVRfVVJMPWh0dHBzOi8vZ2l0aHViLmNvbS9mbHV0dGVyL2ZsdXR0ZXIuZ2l0,RkxVVFRFUl9GUkFNRVdPUktfUkVWSVNJT049OWY0NTVkMjQ4Ng==,RkxVVFRFUl9FTkdJTkVfUkVWSVNJT049ZDI5MTM2MzJhNA==,RkxVVFRFUl9EQVJUX1ZFUlNJT049My45LjI= -Pdart-obfuscation=false -Ptrack-widget-creation=true -Ptree-shake-icons=false -Pfilesystem-scheme=org-dartlang-root assembleDebug

Host: Intel(R) Core(TM)2 Duo CPU     E7300  @ 2.66GHz, 2 cores, 1G,  Windows 10 , 64 bit Build 19041 (10.0.19041.5915)
Time: Wed Oct 15 23:37:02 2025 India Standard Time elapsed time: 5.729862 seconds (0d 0h 0m 5s)

---------------  T H R E A D  ---------------

Current thread (0x000002004740a960):  JavaThread "main" [_thread_in_vm, id=6780, stack(0x000000636df00000,0x000000636e000000)]

Stack: [0x000000636df00000,0x000000636e000000]
Native frames: (J=compiled Java code, j=interpreted, Vv=VM code, C=native code)
V  [jvm.dll+0x67a04a]
V  [jvm.dll+0x7da4ed]
V  [jvm.dll+0x7dbe33]
V  [jvm.dll+0x7dc4a3]
V  [jvm.dll+0x24508f]
V  [jvm.dll+0x7d60bb]
V  [jvm.dll+0x6206c6]
V  [jvm.dll+0x1bed07]
V  [jvm.dll+0x623022]
V  [jvm.dll+0x621086]
V  [jvm.dll+0x369732]
V  [jvm.dll+0x1e048b]
V  [jvm.dll+0x53f7b5]
V  [jvm.dll+0x7553b8]
V  [jvm.dll+0x7554a4]
V  [jvm.dll+0x40d1af]
V  [jvm.dll+0x413c39]
C  [java.dll+0x17ec]

Java frames: (J=compiled Java code, j=interpreted, Vv=VM code)
j  java.lang.ClassLoader.defineClass1(Ljava/lang/ClassLoader;Ljava/lang/String;[BIILjava/security/ProtectionDomain;Ljava/lang/String;)Ljava/lang/Class;+0 java.base@17.0.12
j  java.lang.ClassLoader.defineClass(Ljava/lang/String;[BIILjava/security/ProtectionDomain;)Ljava/lang/Class;+27 java.base@17.0.12
j  java.security.SecureClassLoader.defineClass(Ljava/lang/String;[BIILjava/security/CodeSource;)Ljava/lang/Class;+12 java.base@17.0.12
j  java.net.URLClassLoader.defineClass(Ljava/lang/String;Ljdk/internal/loader/Resource;)Ljava/lang/Class;+220 java.base@17.0.12
j  java.net.URLClassLoader$1.run()Ljava/lang/Class;+43 java.base@17.0.12
j  java.net.URLClassLoader$1.run()Ljava/lang/Object;+1 java.base@17.0.12
j  java.security.AccessController.executePrivileged(Ljava/security/PrivilegedExceptionAction;Ljava/security/AccessControlContext;Ljava/lang/Class;)Ljava/lang/Object;+29 java.base@17.0.12
j  java.security.AccessController.doPrivileged(Ljava/security/PrivilegedExceptionAction;Ljava/security/AccessControlContext;)Ljava/lang/Object;+13 java.base@17.0.12
j  java.net.URLClassLoader.findClass(Ljava/lang/String;)Ljava/lang/Class;+13 java.base@17.0.12
j  java.lang.ClassLoader.loadClass(Ljava/lang/String;Z)Ljava/lang/Class;+69 java.base@17.0.12
j  java.lang.ClassLoader.loadClass(Ljava/lang/String;)Ljava/lang/Class;+3 java.base@17.0.12
v  ~StubRoutines::call_stub
j  java.lang.ClassLoader.defineClass1(Ljava/lang/ClassLoader;Ljava/lang/String;[BIILjava/security/ProtectionDomain;Ljava/lang/String;)Ljava/lang/Class;+0 java.base@17.0.12
j  java.lang.ClassLoader.defineClass(Ljava/lang/String;[BIILjava/security/ProtectionDomain;)Ljava/lang/Class;+27 java.base@17.0.12
j  java.security.SecureClassLoader.defineClass(Ljava/lang/String;[BIILjava/security/CodeSource;)Ljava/lang/Class;+12 java.base@17.0.12
j  java.net.URLClassLoader.defineClass(Ljava/lang/String;Ljdk/internal/loader/Resource;)Ljava/lang/Class;+220 java.base@17.0.12
j  java.net.URLClassLoader$1.run()Ljava/lang/Class;+43 java.base@17.0.12
j  java.net.URLClassLoader$1.run()Ljava/lang/Object;+1 java.base@17.0.12
j  java.security.AccessController.executePrivileged(Ljava/security/PrivilegedExceptionAction;Ljava/security/AccessControlContext;Ljava/lang/Class;)Ljava/lang/Object;+29 java.base@17.0.12
j  java.security.AccessController.doPrivileged(Ljava/security/PrivilegedExceptionAction;Ljava/security/AccessControlContext;)Ljava/lang/Object;+13 java.base@17.0.12
j  java.net.URLClassLoader.findClass(Ljava/lang/String;)Ljava/lang/Class;+13 java.base@17.0.12
j  java.lang.ClassLoader.loadClass(Ljava/lang/String;Z)Ljava/lang/Class;+69 java.base@17.0.12
j  java.lang.ClassLoader.loadClass(Ljava/lang/String;)Ljava/lang/Class;+3 java.base@17.0.12
v  ~StubRoutines::call_stub
j  java.lang.ClassLoader.defineClass1(Ljava/lang/ClassLoader;Ljava/lang/String;[BIILjava/security/ProtectionDomain;Ljava/lang/String;)Ljava/lang/Class;+0 java.base@17.0.12
j  java.lang.ClassLoader.defineClass(Ljava/lang/String;[BIILjava/security/ProtectionDomain;)Ljava/lang/Class;+27 java.base@17.0.12
j  java.security.SecureClassLoader.defineClass(Ljava/lang/String;[BIILjava/security/CodeSource;)Ljava/lang/Class;+12 java.base@17.0.12
j  java.net.URLClassLoader.defineClass(Ljava/lang/String;Ljdk/internal/loader/Resource;)Ljava/lang/Class;+220 java.base@17.0.12
j  java.net.URLClassLoader$1.run()Ljava/lang/Class;+43 java.base@17.0.12
j  java.net.URLClassLoader$1.run()Ljava/lang/Object;+1 java.base@17.0.12
j  java.security.AccessController.executePrivileged(Ljava/security/PrivilegedExceptionAction;Ljava/security/AccessControlContext;Ljava/lang/Class;)Ljava/lang/Object;+29 java.base@17.0.12
j  java.security.AccessController.doPrivileged(Ljava/security/PrivilegedExceptionAction;Ljava/security/AccessControlContext;)Ljava/lang/Object;+13 java.base@17.0.12
j  java.net.URLClassLoader.findClass(Ljava/lang/String;)Ljava/lang/Class;+13 java.base@17.0.12
j  java.lang.ClassLoader.loadClass(Ljava/lang/String;Z)Ljava/lang/Class;+69 java.base@17.0.12
j  java.lang.ClassLoader.loadClass(Ljava/lang/String;)Ljava/lang/Class;+3 java.base@17.0.12
v  ~StubRoutines::call_stub
j  org.gradle.internal.classloader.ClassLoaderUtils.tryClose(Ljava/lang/ClassLoader;)V+8
j  org.gradle.launcher.bootstrap.ProcessBootstrap.runNoExit(Ljava/lang/String;Ljava/lang/String;Ljava/lang/String;[Ljava/lang/String;)V+242
j  org.gradle.launcher.bootstrap.ProcessBootstrap.run(Ljava/lang/String;Ljava/lang/String;Ljava/lang/String;[Ljava/lang/String;)V+4
j  org.gradle.launcher.GradleMain.main([Ljava/lang/String;)V+68
v  ~StubRoutines::call_stub
j  jdk.internal.reflect.NativeMethodAccessorImpl.invoke0(Ljava/lang/reflect/Method;Ljava/lang/Object;[Ljava/lang/Object;)Ljava/lang/Object;+0 java.base@17.0.12
j  jdk.internal.reflect.NativeMethodAccessorImpl.invoke(Ljava/lang/Object;[Ljava/lang/Object;)Ljava/lang/Object;+133 java.base@17.0.12
j  jdk.internal.reflect.DelegatingMethodAccessorImpl.invoke(Ljava/lang/Object;[Ljava/lang/Object;)Ljava/lang/Object;+6 java.base@17.0.12
j  java.lang.reflect.Method.invoke(Ljava/lang/Object;[Ljava/lang/Object;)Ljava/lang/Object;+59 java.base@17.0.12
j  org.gradle.wrapper.BootstrapMainStarter.start([Ljava/lang/String;Ljava/io/File;)V+82
j  org.gradle.wrapper.WrapperExecutor.execute([Ljava/lang/String;Lorg/gradle/wrapper/Install;Lorg/gradle/wrapper/BootstrapMainStarter;)V+14
j  org.gradle.wrapper.GradleWrapperMain.main([Ljava/lang/String;)V+190
v  ~StubRoutines::call_stub

---------------  P R O C E S S  ---------------

Threads class SMR info:
_java_thread_list=0x00000200610c7b60, length=12, elements={
0x000002004740a960, 0x0000020060f81340, 0x0000020060f840d0, 0x0000020060f9cc40,
0x0000020060f9d600, 0x0000020060f9dfc0, 0x0000020060f9e980, 0x0000020060f9f670,
0x0000020060fa08c0, 0x0000020060fa8720, 0x00000200610f1630, 0x00000200610f6f40
}

Java Threads: ( => current thread )
=>0x000002004740a960 JavaThread "main" [_thread_in_vm, id=6780, stack(0x000000636df00000,0x000000636e000000)]
  0x0000020060f81340 JavaThread "Reference Handler" daemon [_thread_blocked, id=1972, stack(0x000000636e600000,0x000000636e700000)]
  0x0000020060f840d0 JavaThread "Finalizer" daemon [_thread_blocked, id=7656, stack(0x000000636e700000,0x000000636e800000)]
  0x0000020060f9cc40 JavaThread "Signal Dispatcher" daemon [_thread_blocked, id=2248, stack(0x000000636e800000,0x000000636e900000)]
  0x0000020060f9d600 JavaThread "Attach Listener" daemon [_thread_blocked, id=5964, stack(0x000000636e900000,0x000000636ea00000)]
  0x0000020060f9dfc0 JavaThread "Service Thread" daemon [_thread_blocked, id=3844, stack(0x000000636ea00000,0x000000636eb00000)]
  0x0000020060f9e980 JavaThread "Monitor Deflation Thread" daemon [_thread_blocked, id=3264, stack(0x000000636eb00000,0x000000636ec00000)]
  0x0000020060f9f670 JavaThread "C2 CompilerThread0" daemon [_thread_blocked, id=7396, stack(0x000000636ec00000,0x000000636ed00000)]
  0x0000020060fa08c0 JavaThread "C1 CompilerThread0" daemon [_thread_blocked, id=6628, stack(0x000000636ed00000,0x000000636ee00000)]
  0x0000020060fa8720 JavaThread "Sweeper thread" daemon [_thread_blocked, id=4996, stack(0x000000636ee00000,0x000000636ef00000)]
  0x00000200610f1630 JavaThread "Notification Thread" daemon [_thread_blocked, id=6884, stack(0x000000636ef00000,0x000000636f000000)]
  0x00000200610f6f40 JavaThread "Common-Cleaner" daemon [_thread_blocked, id=6936, stack(0x000000636f100000,0x000000636f200000)]

Other Threads:
  0x0000020060f7cf90 VMThread "VM Thread" [stack: 0x000000636e500000,0x000000636e600000] [id=5888] _threads_hazard_ptr=0x00000200610c7b60
  0x0000020047441f40 WatcherThread [stack: 0x000000636f000000,0x000000636f100000] [id=1688]
  0x0000020047434be0 GCTaskThread "GC Thread#0" [stack: 0x000000636e000000,0x000000636e100000] [id=640]
  0x00000200612712f0 GCTaskThread "GC Thread#1" [stack: 0x000000636f200000,0x000000636f300000] [id=3356]
  0x000002004743aa40 ConcurrentGCThread "G1 Main Marker" [stack: 0x000000636e100000,0x000000636e200000] [id=1680]
  0x000002004743c400 ConcurrentGCThread "G1 Conc#0" [stack: 0x000000636e200000,0x000000636e300000] [id=2548]
  0x000002004746e7e0 ConcurrentGCThread "G1 Refine#0" [stack: 0x000000636e300000,0x000000636e400000] [id=4424]
  0x000002004746f210 ConcurrentGCThread "G1 Service" [stack: 0x000000636e400000,0x000000636e500000] [id=1200]

Threads with active compile tasks:

VM state: synchronizing (normal execution)

VM Mutex/Monitor currently owned by a thread:  ([mutex/lock_event])
[0x000002004522ea90] Metaspace_lock - owner thread: 0x000002004740a960
[0x00000200474064e0] Threads_lock - owner thread: 0x0000020060f7cf90

OutOfMemory and StackOverflow Exception counts:
OutOfMemoryError java_heap_errors=1
LinkageErrors=1

Heap address: 0x00000000e0800000, size: 504 MB, Compressed Oops mode: 32-bit

CDS archive(s) mapped at: [0x0000020000000000-0x0000020000bd0000-0x0000020000bd0000), size 12386304, SharedBaseAddress: 0x0000020000000000, ArchiveRelocationMode: 1.
Compressed class space mapped at: 0x0000020001000000-0x0000020041000000, reserved size: 1073741824
Narrow klass base: 0x0000020000000000, Narrow klass shift: 0, Narrow klass range: 0x100000000

GC Precious Log:
 CPUs: 2 total, 2 available
 Memory: 2013M
 Large Page Support: Disabled
 NUMA Support: Disabled
 Compressed Oops: Enabled (32-bit)
 Heap Region Size: 1M
 Heap Min Capacity: 8M
 Heap Initial Capacity: 32M
 Heap Max Capacity: 504M
 Pre-touch: Disabled
 Parallel Workers: 2
 Concurrent Workers: 1
 Concurrent Refinement Workers: 2
 Periodic GC: Disabled

Heap:
 garbage-first heap   total 32768K, used 9804K [0x00000000e0800000, 0x0000000100000000)
  region size 1024K, 11 young (11264K), 1 survivors (1024K)
 Metaspace       used 1981K, committed 2048K, reserved 1114112K
  class space    used 177K, committed 192K, reserved 1048576K

Heap Regions: E=young(eden), S=young(survivor), O=old, HS=humongous(starts), HC=humongous(continues), CS=collection set, F=free, OA=open archive, CA=closed archive, TAMS=top-at-mark-start (previous, next)
|   0|0x00000000e0800000, 0x00000000e0900000, 0x00000000e0900000|100%| O|  |TAMS 0x00000000e0800000, 0x00000000e0800000| Untracked 
|   1|0x00000000e0900000, 0x00000000e0938e00, 0x00000000e0a00000| 22%| O|  |TAMS 0x00000000e0900000, 0x00000000e0900000| Untracked 
|   2|0x00000000e0a00000, 0x00000000e0a00000, 0x00000000e0b00000|  0%| F|  |TAMS 0x00000000e0a00000, 0x00000000e0a00000| Untracked 
|   3|0x00000000e0b00000, 0x00000000e0b00000, 0x00000000e0c00000|  0%| F|  |TAMS 0x00000000e0b00000, 0x00000000e0b00000| Untracked 
|   4|0x00000000e0c00000, 0x00000000e0c00000, 0x00000000e0d00000|  0%| F|  |TAMS 0x00000000e0c00000, 0x00000000e0c00000| Untracked 
|   5|0x00000000e0d00000, 0x00000000e0d00000, 0x00000000e0e00000|  0%| F|  |TAMS 0x00000000e0d00000, 0x00000000e0d00000| Untracked 
|   6|0x00000000e0e00000, 0x00000000e0e00000, 0x00000000e0f00000|  0%| F|  |TAMS 0x00000000e0e00000, 0x00000000e0e00000| Untracked 
|   7|0x00000000e0f00000, 0x00000000e0f00000, 0x00000000e1000000|  0%| F|  |TAMS 0x00000000e0f00000, 0x00000000e0f00000| Untracked 
|   8|0x00000000e1000000, 0x00000000e1000000, 0x00000000e1100000|  0%| F|  |TAMS 0x00000000e1000000, 0x00000000e1000000| Untracked 
|   9|0x00000000e1100000, 0x00000000e1100000, 0x00000000e1200000|  0%| F|  |TAMS 0x00000000e1100000, 0x00000000e1100000| Untracked 
|  10|0x00000000e1200000, 0x00000000e1200000, 0x00000000e1300000|  0%| F|  |TAMS 0x00000000e1200000, 0x00000000e1200000| Untracked 
|  11|0x00000000e1300000, 0x00000000e1300000, 0x00000000e1400000|  0%| F|  |TAMS 0x00000000e1300000, 0x00000000e1300000| Untracked 
|  12|0x00000000e1400000, 0x00000000e1400000, 0x00000000e1500000|  0%| F|  |TAMS 0x00000000e1400000, 0x00000000e1400000| Untracked 
|  13|0x00000000e1500000, 0x00000000e1500000, 0x00000000e1600000|  0%| F|  |TAMS 0x00000000e1500000, 0x00000000e1500000| Untracked 
|  14|0x00000000e1600000, 0x00000000e1600000, 0x00000000e1700000|  0%| F|  |TAMS 0x00000000e1600000, 0x00000000e1600000| Untracked 
|  15|0x00000000e1700000, 0x00000000e1700000, 0x00000000e1800000|  0%| F|  |TAMS 0x00000000e1700000, 0x00000000e1700000| Untracked 
|  16|0x00000000e1800000, 0x00000000e1800000, 0x00000000e1900000|  0%| F|  |TAMS 0x00000000e1800000, 0x00000000e1800000| Untracked 
|  17|0x00000000e1900000, 0x00000000e1900000, 0x00000000e1a00000|  0%| F|  |TAMS 0x00000000e1900000, 0x00000000e1900000| Untracked 
|  18|0x00000000e1a00000, 0x00000000e1a00000, 0x00000000e1b00000|  0%| F|  |TAMS 0x00000000e1a00000, 0x00000000e1a00000| Untracked 
|  19|0x00000000e1b00000, 0x00000000e1b00000, 0x00000000e1c00000|  0%| F|  |TAMS 0x00000000e1b00000, 0x00000000e1b00000| Untracked 
|  20|0x00000000e1c00000, 0x00000000e1c00000, 0x00000000e1d00000|  0%| F|  |TAMS 0x00000000e1c00000, 0x00000000e1c00000| Untracked 
|  21|0x00000000e1d00000, 0x00000000e1db2268, 0x00000000e1e00000| 69%| E|  |TAMS 0x00000000e1d00000, 0x00000000e1d00000| Complete 
|  22|0x00000000e1e00000, 0x00000000e1f00000, 0x00000000e1f00000|100%| E|CS|TAMS 0x00000000e1e00000, 0x00000000e1e00000| Complete 
|  23|0x00000000e1f00000, 0x00000000e2000000, 0x00000000e2000000|100%| E|CS|TAMS 0x00000000e1f00000, 0x00000000e1f00000| Complete 
|  24|0x00000000e2000000, 0x00000000e205a520, 0x00000000e2100000| 35%| S|CS|TAMS 0x00000000e2000000, 0x00000000e2000000| Complete 
|  25|0x00000000e2100000, 0x00000000e2200000, 0x00000000e2200000|100%| E|CS|TAMS 0x00000000e2100000, 0x00000000e2100000| Complete 
|  26|0x00000000e2200000, 0x00000000e2300000, 0x00000000e2300000|100%| E|CS|TAMS 0x00000000e2200000, 0x00000000e2200000| Complete 
|  27|0x00000000e2300000, 0x00000000e2400000, 0x00000000e2400000|100%| E|CS|TAMS 0x00000000e2300000, 0x00000000e2300000| Complete 
|  28|0x00000000e2400000, 0x00000000e2500000, 0x00000000e2500000|100%| E|CS|TAMS 0x00000000e2400000, 0x00000000e2400000| Complete 
|  29|0x00000000e2500000, 0x00000000e2600000, 0x00000000e2600000|100%| E|CS|TAMS 0x00000000e2500000, 0x00000000e2500000| Complete 
|  30|0x00000000e2600000, 0x00000000e2700000, 0x00000000e2700000|100%| E|CS|TAMS 0x00000000e2600000, 0x00000000e2600000| Complete 
|  31|0x00000000e2700000, 0x00000000e2800000, 0x00000000e2800000|100%| E|  |TAMS 0x00000000e2700000, 0x00000000e2700000| Complete 

Card table byte_map: [0x00000200470d0000,0x00000200471d0000] _byte_map_base: 0x00000200469cc000

Marking Bits (Prev, Next): (CMBitMap*) 0x0000020047435200, (CMBitMap*) 0x0000020047435240
 Prev Bits: [0x000002005dcc0000, 0x000002005e4a0000)
 Next Bits: [0x000002005e4a0000, 0x000002005ec80000)

Polling page: 0x00000200451e0000

Metaspace:

Usage:
  Non-class:      1.76 MB used.
      Class:    177.07 KB used.
       Both:      1.94 MB used.

Virtual space:
  Non-class space:       64.00 MB reserved,       1.81 MB (  3%) committed,  1 nodes.
      Class space:        1.00 GB reserved,     192.00 KB ( <1%) committed,  1 nodes.
             Both:        1.06 GB reserved,       2.00 MB ( <1%) committed. 

Chunk freelists:
   Non-Class:  11.64 MB
       Class:  15.67 MB
        Both:  27.31 MB

MaxMetaspaceSize: unlimited
CompressedClassSpaceSize: 1.00 GB
Initial GC threshold: 21.00 MB
Current GC threshold: 21.00 MB
CDS: on
MetaspaceReclaimPolicy: balanced
 - commit_granule_bytes: 65536.
 - commit_granule_words: 8192.
 - virtual_space_node_default_size: 8388608.
 - enlarge_chunks_in_place: 1.
 - new_chunks_are_fully_committed: 0.
 - uncommit_free_chunks: 1.
 - use_allocation_guard: 0.
 - handle_deallocations: 1.


Internal statistics:

num_allocs_failed_limit: 0.
num_arena_births: 14.
num_arena_deaths: 0.
num_vsnodes_births: 2.
num_vsnodes_deaths: 0.
num_space_committed: 32.
num_space_uncommitted: 0.
num_chunks_returned_to_freelist: 0.
num_chunks_taken_from_freelist: 49.
num_chunk_merges: 0.
num_chunk_splits: 23.
num_chunks_enlarged: 16.
num_inconsistent_stats: 0.

CodeHeap 'non-profiled nmethods': size=120064Kb used=232Kb max_used=232Kb free=119831Kb
 bounds [0x0000020056780000, 0x00000200569f0000, 0x000002005dcc0000]
CodeHeap 'profiled nmethods': size=120000Kb used=1084Kb max_used=1084Kb free=118915Kb
 bounds [0x000002004ecc0000, 0x000002004ef30000, 0x00000200561f0000]
CodeHeap 'non-nmethods': size=5696Kb used=1119Kb max_used=1137Kb free=4576Kb
 bounds [0x00000200561f0000, 0x0000020056460000, 0x0000020056780000]
 total_blobs=1024 nmethods=619 adapters=319
 compilation: enabled
              stopped_count=0, restarted_count=0
 full_count=0

Compilation events (20 events):
Event: 5.682 Thread 0x0000020060fa08c0 nmethod 609 0x000002004edc4910 code [0x000002004edc4ac0, 0x000002004edc4c68]
Event: 5.692 Thread 0x0000020060fa08c0  610       1       java.util.zip.ZipEntry::getSize (5 bytes)
Event: 5.692 Thread 0x0000020060fa08c0 nmethod 610 0x00000200567b9890 code [0x00000200567b9a20, 0x00000200567b9af8]
Event: 5.695 Thread 0x0000020060fa08c0  611       3       java.lang.StringConcatHelper::initialCoder (14 bytes)
Event: 5.695 Thread 0x0000020060fa08c0 nmethod 611 0x000002004edc4d90 code [0x000002004edc4f20, 0x000002004edc5038]
Event: 5.696 Thread 0x0000020060fa08c0  612       3       java.lang.String::toLowerCase (8 bytes)
Event: 5.696 Thread 0x0000020060fa08c0 nmethod 612 0x000002004edc5090 code [0x000002004edc5260, 0x000002004edc55f8]
Event: 5.696 Thread 0x0000020060fa08c0  613       3       java.util.Locale::getDefault (4 bytes)
Event: 5.696 Thread 0x0000020060fa08c0 nmethod 613 0x000002004edc5710 code [0x000002004edc58a0, 0x000002004edc5998]
Event: 5.696 Thread 0x0000020060fa08c0  614       1       java.net.URLStreamHandler::getDefaultPort (2 bytes)
Event: 5.697 Thread 0x0000020060fa08c0 nmethod 614 0x00000200567b9b90 code [0x00000200567b9d20, 0x00000200567b9df8]
Event: 5.697 Thread 0x0000020060fa08c0  615       3       java.lang.String::concat (15 bytes)
Event: 5.698 Thread 0x0000020060fa08c0 nmethod 615 0x000002004edc5a10 code [0x000002004edc5d40, 0x000002004edc71b8]
Event: 5.698 Thread 0x0000020060fa08c0  616       3       java.lang.StringConcatHelper::simpleConcat (94 bytes)
Event: 5.700 Thread 0x0000020060fa08c0 nmethod 616 0x000002004edc7910 code [0x000002004edc7c40, 0x000002004edc9058]
Event: 5.700 Thread 0x0000020060fa08c0  618   !   3       jdk.internal.loader.BuiltinClassLoader::loadClassOrNull (143 bytes)
Event: 5.702 Thread 0x0000020060fa08c0 nmethod 618 0x000002004edc9790 code [0x000002004edc9ac0, 0x000002004edcb018]
Event: 5.702 Thread 0x0000020060fa08c0  617       1       jdk.internal.loader.BuiltinClassLoader$LoadedModule::loader (5 bytes)
Event: 5.702 Thread 0x0000020060fa08c0 nmethod 617 0x00000200567b9e90 code [0x00000200567ba020, 0x00000200567ba0f8]
Event: 5.703 Thread 0x0000020060fa08c0  619       3       java.util.zip.ZipFile::getZipEntry (322 bytes)

GC Heap History (4 events):
Event: 4.130 GC heap before
{Heap before GC invocations=0 (full 0):
 garbage-first heap   total 32768K, used 6144K [0x00000000e0800000, 0x0000000100000000)
  region size 1024K, 6 young (6144K), 0 survivors (0K)
 Metaspace       used 1731K, committed 1792K, reserved 1114112K
  class space    used 163K, committed 192K, reserved 1048576K
}
Event: 4.158 GC heap after
{Heap after GC invocations=1 (full 0):
 garbage-first heap   total 32768K, used 1257K [0x00000000e0800000, 0x0000000100000000)
  region size 1024K, 1 young (1024K), 1 survivors (1024K)
 Metaspace       used 1731K, committed 1792K, reserved 1114112K
  class space    used 163K, committed 192K, reserved 1048576K
}
Event: 4.765 GC heap before
{Heap before GC invocations=1 (full 0):
 garbage-first heap   total 32768K, used 7401K [0x00000000e0800000, 0x0000000100000000)
  region size 1024K, 7 young (7168K), 1 survivors (1024K)
 Metaspace       used 1779K, committed 1856K, reserved 1114112K
  class space    used 163K, committed 192K, reserved 1048576K
}
Event: 4.772 GC heap after
{Heap after GC invocations=2 (full 0):
 garbage-first heap   total 32768K, used 1612K [0x00000000e0800000, 0x0000000100000000)
  region size 1024K, 1 young (1024K), 1 survivors (1024K)
 Metaspace       used 1779K, committed 1856K, reserved 1114112K
  class space    used 163K, committed 192K, reserved 1048576K
}

Deoptimization events (20 events):
Event: 5.547 Thread 0x000002004740a960 Uncommon trap: trap_request=0xffffff45 fr.pc=0x00000200567aae0c relative=0x00000000000001ec
Event: 5.547 Thread 0x000002004740a960 Uncommon trap: reason=unstable_if action=reinterpret pc=0x00000200567aae0c method=java.io.WinNTFileSystem.normalize(Ljava/lang/String;)Ljava/lang/String; @ 104 c2
Event: 5.547 Thread 0x000002004740a960 DEOPT PACKING pc=0x00000200567aae0c sp=0x000000636dffddd0
Event: 5.548 Thread 0x000002004740a960 DEOPT UNPACKING pc=0x000002005624239d sp=0x000000636dffdd58 mode 2
Event: 5.573 Thread 0x000002004740a960 Uncommon trap: trap_request=0xffffff45 fr.pc=0x00000200567a2f00 relative=0x00000000000005c0
Event: 5.573 Thread 0x000002004740a960 Uncommon trap: reason=unstable_if action=reinterpret pc=0x00000200567a2f00 method=java.util.zip.ZipFile$Source.checkAndAddEntry(II)I @ 50 c2
Event: 5.573 Thread 0x000002004740a960 DEOPT PACKING pc=0x00000200567a2f00 sp=0x000000636dffda80
Event: 5.573 Thread 0x000002004740a960 DEOPT UNPACKING pc=0x000002005624239d sp=0x000000636dffd9f0 mode 2
Event: 5.620 Thread 0x000002004740a960 Uncommon trap: trap_request=0xffffffde fr.pc=0x00000200567b2680 relative=0x0000000000000780
Event: 5.620 Thread 0x000002004740a960 Uncommon trap: reason=class_check action=maybe_recompile pc=0x00000200567b2680 method=java.util.HashMap.putVal(ILjava/lang/Object;Ljava/lang/Object;ZZ)Ljava/lang/Object; @ 91 c2
Event: 5.620 Thread 0x000002004740a960 DEOPT PACKING pc=0x00000200567b2680 sp=0x000000636dffcb60
Event: 5.620 Thread 0x000002004740a960 DEOPT UNPACKING pc=0x000002005624239d sp=0x000000636dffca70 mode 2
Event: 5.629 Thread 0x000002004740a960 Uncommon trap: trap_request=0xffffffde fr.pc=0x00000200567b2680 relative=0x0000000000000780
Event: 5.629 Thread 0x000002004740a960 Uncommon trap: reason=class_check action=maybe_recompile pc=0x00000200567b2680 method=java.util.HashMap.putVal(ILjava/lang/Object;Ljava/lang/Object;ZZ)Ljava/lang/Object; @ 91 c2
Event: 5.630 Thread 0x000002004740a960 DEOPT PACKING pc=0x00000200567b2680 sp=0x000000636dffcb60
Event: 5.630 Thread 0x000002004740a960 DEOPT UNPACKING pc=0x000002005624239d sp=0x000000636dffca70 mode 2
Event: 5.637 Thread 0x000002004740a960 Uncommon trap: trap_request=0xffffff45 fr.pc=0x00000200567a3d94 relative=0x0000000000000174
Event: 5.637 Thread 0x000002004740a960 Uncommon trap: reason=unstable_if action=reinterpret pc=0x00000200567a3d94 method=java.util.zip.ZipFile$Source.isMetaName([BII)Z @ 43 c2
Event: 5.637 Thread 0x000002004740a960 DEOPT PACKING pc=0x00000200567a3d94 sp=0x000000636dffc1b0
Event: 5.637 Thread 0x000002004740a960 DEOPT UNPACKING pc=0x000002005624239d sp=0x000000636dffc158 mode 2

Classes unloaded (0 events):
No events

Classes redefined (0 events):
No events

Internal exceptions (2 events):
Event: 2.944 Thread 0x000002004740a960 Exception <a 'java/lang/NoSuchMethodError'{0x00000000e2585880}: 'int java.lang.invoke.DirectMethodHandle$Holder.invokeStaticInit(java.lang.Object, java.lang.Object)'> (0x00000000e2585880) 
thrown [s\open\src\hotspot\share\interpreter\linkResolver.cpp, line 759]
Event: 5.686 Thread 0x000002004740a960 Exception <a 'java/lang/OutOfMemoryError'{0x00000000e1d51210}> (0x00000000e1d51210) 
thrown [s\open\src\hotspot\share\prims\jni.cpp, line 535]

VM Operations (10 events):
Event: 1.139 Executing VM operation: HandshakeAllThreads
Event: 1.140 Executing VM operation: HandshakeAllThreads done
Event: 2.159 Executing VM operation: Cleanup
Event: 2.159 Executing VM operation: Cleanup done
Event: 3.167 Executing VM operation: Cleanup
Event: 3.167 Executing VM operation: Cleanup done
Event: 4.121 Executing VM operation: G1CollectForAllocation
Event: 4.160 Executing VM operation: G1CollectForAllocation done
Event: 4.765 Executing VM operation: G1CollectForAllocation
Event: 4.772 Executing VM operation: G1CollectForAllocation done

Events (20 events):
Event: 3.757 loading class java/util/zip/ZipException
Event: 3.761 loading class java/util/zip/ZipException done
Event: 3.830 loading class java/lang/invoke/DirectMethodHandle$Special
Event: 3.831 loading class java/lang/invoke/DirectMethodHandle$Special done
Event: 5.576 loading class java/io/BufferedReader
Event: 5.577 loading class java/io/BufferedReader done
Event: 5.577 loading class sun/nio/cs/StreamDecoder
Event: 5.580 loading class sun/nio/cs/StreamDecoder done
Event: 5.686 loading class java/util/zip/DataFormatException
Event: 5.686 loading class java/util/zip/DataFormatException done
Event: 5.686 loading class java/security/PrivilegedActionException
Event: 5.687 loading class java/security/PrivilegedActionException done
Event: 5.687 loading class java/lang/SecurityException
Event: 5.688 loading class java/lang/SecurityException done
Event: 5.689 loading class java/lang/ClassFormatError
Event: 5.690 loading class java/lang/ClassFormatError done
Event: 5.694 loading class java/lang/NumberFormatException
Event: 5.695 loading class java/lang/NumberFormatException done
Event: 5.697 loading class java/lang/IllegalAccessException
Event: 5.697 loading class java/lang/IllegalAccessException done


Dynamic libraries:
0x00007ff6df0f0000 - 0x00007ff6df100000 	C:\Program Files\Java\jdk-17\bin\java.exe
0x00007ffb3aa10000 - 0x00007ffb3ac08000 	C:\WINDOWS\SYSTEM32\ntdll.dll
0x00007ffb39a20000 - 0x00007ffb39ae2000 	C:\WINDOWS\System32\KERNEL32.DLL
0x00007ffb37080000 - 0x00007ffb37376000 	C:\WINDOWS\System32\KERNELBASE.dll
0x00007ffb34c20000 - 0x00007ffb34cb4000 	C:\WINDOWS\SYSTEM32\apphelp.dll
0x00007ffb36f80000 - 0x00007ffb37080000 	C:\WINDOWS\System32\ucrtbase.dll
0x00007ffb1c100000 - 0x00007ffb1c119000 	C:\Program Files\Java\jdk-17\bin\jli.dll
0x00007ffb39fd0000 - 0x00007ffb3a081000 	C:\WINDOWS\System32\ADVAPI32.dll
0x00007ffb398b0000 - 0x00007ffb3994e000 	C:\WINDOWS\System32\msvcrt.dll
0x00007ffb381b0000 - 0x00007ffb3824f000 	C:\WINDOWS\System32\sechost.dll
0x00007ffb3a140000 - 0x00007ffb3a260000 	C:\WINDOWS\System32\RPCRT4.dll
0x00007ffb38050000 - 0x00007ffb38077000 	C:\WINDOWS\System32\bcrypt.dll
0x00007ffb38bb0000 - 0x00007ffb38d4d000 	C:\WINDOWS\System32\USER32.dll
0x00007ffb37430000 - 0x00007ffb37452000 	C:\WINDOWS\System32\win32u.dll
0x00007ffb388a0000 - 0x00007ffb388cb000 	C:\WINDOWS\System32\GDI32.dll
0x00007ffb37ce0000 - 0x00007ffb37df9000 	C:\WINDOWS\System32\gdi32full.dll
0x00007ffb37c40000 - 0x00007ffb37cdd000 	C:\WINDOWS\System32\msvcp_win.dll
0x00007ffb1c0e0000 - 0x00007ffb1c0fb000 	C:\Program Files\Java\jdk-17\bin\VCRUNTIME140.dll
0x00007ffb24190000 - 0x00007ffb2442b000 	C:\WINDOWS\WinSxS\amd64_microsoft.windows.common-controls_6595b64144ccf1df_6.0.19041.6280_none_60bc30a171f2f3f3\COMCTL32.dll
0x00007ffb2b420000 - 0x00007ffb2b42a000 	C:\WINDOWS\SYSTEM32\VERSION.dll
0x00007ffb380e0000 - 0x00007ffb3810f000 	C:\WINDOWS\System32\IMM32.DLL
0x00007ffb1c0d0000 - 0x00007ffb1c0dc000 	C:\Program Files\Java\jdk-17\bin\vcruntime140_1.dll
0x00007ffb16900000 - 0x00007ffb1698e000 	C:\Program Files\Java\jdk-17\bin\msvcp140.dll
0x00007ffaf5950000 - 0x00007ffaf6530000 	C:\Program Files\Java\jdk-17\bin\server\jvm.dll
0x00007ffb39110000 - 0x00007ffb39118000 	C:\WINDOWS\System32\PSAPI.DLL
0x00007ffb19cd0000 - 0x00007ffb19cd9000 	C:\WINDOWS\SYSTEM32\WSOCK32.dll
0x00007ffb38450000 - 0x00007ffb384bb000 	C:\WINDOWS\System32\WS2_32.dll
0x00007ffb29730000 - 0x00007ffb29757000 	C:\WINDOWS\SYSTEM32\WINMM.dll
0x00007ffb35560000 - 0x00007ffb35572000 	C:\WINDOWS\SYSTEM32\kernel.appcore.dll
0x00007ffb19cc0000 - 0x00007ffb19cca000 	C:\Program Files\Java\jdk-17\bin\jimage.dll
0x00007ffb262e0000 - 0x00007ffb264e1000 	C:\WINDOWS\SYSTEM32\DBGHELP.DLL
0x00007ffb262a0000 - 0x00007ffb262d4000 	C:\WINDOWS\SYSTEM32\dbgcore.DLL
0x00007ffb37fc0000 - 0x00007ffb38042000 	C:\WINDOWS\System32\bcryptPrimitives.dll
0x00007ffb15230000 - 0x00007ffb15255000 	C:\Program Files\Java\jdk-17\bin\java.dll
0x00007ffb14fa0000 - 0x00007ffb15077000 	C:\Program Files\Java\jdk-17\bin\jsvml.dll
0x00007ffb3a260000 - 0x00007ffb3a9d0000 	C:\WINDOWS\System32\SHELL32.dll
0x00007ffb37490000 - 0x00007ffb37c35000 	C:\WINDOWS\System32\windows.storage.dll
0x00007ffb38540000 - 0x00007ffb38893000 	C:\WINDOWS\System32\combase.dll
0x00007ffb36ed0000 - 0x00007ffb36efb000 	C:\WINDOWS\System32\Wldp.dll
0x00007ffb39950000 - 0x00007ffb39a1d000 	C:\WINDOWS\System32\OLEAUT32.dll
0x00007ffb38340000 - 0x00007ffb383ed000 	C:\WINDOWS\System32\SHCORE.dll
0x00007ffb38110000 - 0x00007ffb3816b000 	C:\WINDOWS\System32\shlwapi.dll
0x00007ffb36e00000 - 0x00007ffb36e24000 	C:\WINDOWS\SYSTEM32\profapi.dll
0x00007ffb168d0000 - 0x00007ffb168e9000 	C:\Program Files\Java\jdk-17\bin\net.dll
0x00007ffb30eb0000 - 0x00007ffb30fba000 	C:\WINDOWS\SYSTEM32\WINHTTP.dll
0x00007ffb365c0000 - 0x00007ffb3662a000 	C:\WINDOWS\system32\mswsock.dll
0x00007ffb15210000 - 0x00007ffb15226000 	C:\Program Files\Java\jdk-17\bin\nio.dll
0x00007ffb151f0000 - 0x00007ffb15208000 	C:\Program Files\Java\jdk-17\bin\zip.dll
0x00007ffb19cb0000 - 0x00007ffb19cc0000 	C:\Program Files\Java\jdk-17\bin\verify.dll

dbghelp: loaded successfully - version: 4.0.5 - missing functions: none
symbol engine: initialized successfully - sym options: 0x614 - pdb path: .;C:\Program Files\Java\jdk-17\bin;C:\WINDOWS\SYSTEM32;C:\WINDOWS\WinSxS\amd64_microsoft.windows.common-controls_6595b64144ccf1df_6.0.19041.6280_none_60bc30a171f2f3f3;C:\Program Files\Java\jdk-17\bin\server

VM Arguments:
jvm_args: -Dorg.gradle.appname=gradlew 
java_command: org.gradle.wrapper.GradleWrapperMain -q -Ptarget-platform=android-arm64 -Ptarget=C:\FlutterApps\chatapp\lib\main.dart -Pbase-application-name=android.app.Application -Pdart-defines=RkxVVFRFUl9WRVJTSU9OPTMuMzUuNg==,RkxVVFRFUl9DSEFOTkVMPXN0YWJsZQ==,RkxVVFRFUl9HSVRfVVJMPWh0dHBzOi8vZ2l0aHViLmNvbS9mbHV0dGVyL2ZsdXR0ZXIuZ2l0,RkxVVFRFUl9GUkFNRVdPUktfUkVWSVNJT049OWY0NTVkMjQ4Ng==,RkxVVFRFUl9FTkdJTkVfUkVWSVNJT049ZDI5MTM2MzJhNA==,RkxVVFRFUl9EQVJUX1ZFUlNJT049My45LjI= -Pdart-obfuscation=false -Ptrack-widget-creation=true -Ptree-shake-icons=false -Pfilesystem-scheme=org-dartlang-root assembleDebug
java_class_path (initial): C:\FlutterApps\chatapp\android\\gradle\wrapper\gradle-wrapper.jar
Launcher Type: SUN_STANDARD

[Global flags]
     intx CICompilerCount                          = 2                                         {product} {ergonomic}
     uint ConcGCThreads                            = 1                                         {product} {ergonomic}
     uint G1ConcRefinementThreads                  = 2                                         {product} {ergonomic}
   size_t G1HeapRegionSize                         = 1048576                                   {product} {ergonomic}
    uintx GCDrainStackTargetSize                   = 64                                        {product} {ergonomic}
   size_t InitialHeapSize                          = 33554432                                  {product} {ergonomic}
   size_t MarkStackSize                            = 4194304                                   {product} {ergonomic}
   size_t MaxHeapSize                              = 528482304                                 {product} {ergonomic}
   size_t MaxNewSize                               = 316669952                                 {product} {ergonomic}
   size_t MinHeapDeltaBytes                        = 1048576                                   {product} {ergonomic}
   size_t MinHeapSize                              = 8388608                                   {product} {ergonomic}
    uintx NonNMethodCodeHeapSize                   = 5826188                                {pd product} {ergonomic}
    uintx NonProfiledCodeHeapSize                  = 122916026                              {pd product} {ergonomic}
    uintx ProfiledCodeHeapSize                     = 122916026                              {pd product} {ergonomic}
    uintx ReservedCodeCacheSize                    = 251658240                              {pd product} {ergonomic}
     bool SegmentedCodeCache                       = true                                      {product} {ergonomic}
   size_t SoftMaxHeapSize                          = 528482304                              {manageable} {ergonomic}
     bool UseCompressedClassPointers               = true                           {product lp64_product} {ergonomic}
     bool UseCompressedOops                        = true                           {product lp64_product} {ergonomic}
     bool UseG1GC                                  = true                                      {product} {ergonomic}
     bool UseLargePagesIndividualAllocation        = false                                  {pd product} {ergonomic}

Logging:
Log output configuration:
 #0: stdout all=warning uptime,level,tags
 #1: stderr all=off uptime,level,tags

Environment Variables:
JAVA_HOME=C:\Program Files\Java\jdk-17
CLASSPATH=C:\FlutterApps\chatapp\android\\gradle\wrapper\gradle-wrapper.jar
PATH=C:\Program Files\Java\jdk-17\bin;C:\Program Files\Java\jdk-17\bin;C:\WINDOWS\system32;C:\WINDOWS;C:\WINDOWS\System32\Wbem;C:\WINDOWS\System32\WindowsPowerShell\v1.0\;C:\WINDOWS\System32\OpenSSH\;C:\Program Files\nodejs\;C:\Program Files\Common Files\Oracle\Java\javapath;C:\Android\cmdline-tools\latest\platform-tools;C:\Android\cmdline-tools\latest\platform;C:\Flutter\flutter\bin;C:\Program Files\Java\jdk-25\bin;C:\Program Files\Common Files\Oracle\Java\javapath;C:\WINDOWS\system32;C:\WINDOWS;C:\WINDOWS\System32\Wbem;C:\WINDOWS\System32\WindowsPowerShell\v1.0\;C:\WINDOWS\System32\OpenSSH\;C:\Program Files\nodejs\;C:\src\flutter\flutter\bin;C:\Program Files\Java\jdk-25\bin;C:\Android\cmdline-tools\latest\platform-tools;C:\Android\cmdline-tools\latest\platform;C:\Program Files\Java\jdk-25\bin;C:\Program Files\Common Files\Oracle\Java\javapath;C:\WINDOWS\system32;C:\WINDOWS;C:\WINDOWS\System32\Wbem;C:\WINDOWS\System32\WindowsPowerShell\v1.0\;C:\WINDOWS\System32\OpenSSH\;C:\Program Files\nodejs\;C:\src\flutter\flutter\bin;C:\Program Files\Java\jdk-25\bin;C:\Android\cmdline-tools\latest\platform-tools;C:\Android\cmdline-tools\latest\platform;C:\Users\Saini Ji\AppData\Local\Microsoft\WindowsApps;C:\Users\Saini Ji\AppData\Local\Programs\Windsurf\bin;C:\Users\Saini Ji\AppData\Roaming\npm;C:\Users\Saini Ji\AppData\Local\Programs\Microsoft VS Code\bin;C:\Flutter\flutter\bin\mingit\cmd;C:\Flutter\flutter\bin\mingit\cmd
USERNAME=Saini Ji
OS=Windows_NT
PROCESSOR_IDENTIFIER=Intel64 Family 6 Model 23 Stepping 6, GenuineIntel



---------------  S Y S T E M  ---------------

OS:
 Windows 10 , 64 bit Build 19041 (10.0.19041.5915)
OS uptime: 0 days 0:14 hours

CPU: total 2 (initial active 2) (2 cores per cpu, 1 threads per core) family 6 model 23 stepping 6 microcode 0x610, cx8, cmov, fxsr, mmx, sse, sse2, sse3, ssse3, sse4.1, tsc, clflush

Memory: 4k page, system-wide physical 2013M (43M free)
TotalPageFile size 8157M (AvailPageFile size 0M)
current process WorkingSet (physical memory assigned to process): 50M, peak: 50M
current process commit charge ("private bytes"): 102M, peak: 102M

vm_info: Java HotSpot(TM) 64-Bit Server VM (17.0.12+8-LTS-286) for windows-amd64 JRE (17.0.12+8-LTS-286), built on Jun  5 2024 06:46:59 by "mach5one" with MS VC++ 17.6 (VS2022)

END.
