#
# There is insufficient memory for the Java Runtime Environment to continue.
# Native memory allocation (malloc) failed to allocate 61616 bytes for Chunk::new
# Possible reasons:
#   The system is out of physical RAM or swap space
#   The process is running with CompressedOops enabled, and the Java Heap may be blocking the growth of the native heap
# Possible solutions:
#   Reduce memory load on the system
#   Increase physical memory or swap space
#   Check if swap backing store is full
#   Decrease Java heap size (-Xmx/-Xms)
#   Decrease number of Java threads
#   Decrease Java thread stack sizes (-Xss)
#   Set larger code cache with -XX:ReservedCodeCacheSize=
#   JVM is running with Unscaled Compressed Oops mode in which the Java heap is
#     placed in the first 4GB address space. The Java Heap base address is the
#     maximum limit for the native heap growth. Please use -XX:HeapBaseMinAddress
#     to set the Java Heap base and to place the Java Heap above 4GB virtual address.
# This output file may be truncated or incomplete.
#
#  Out of Memory Error (arena.cpp:189), pid=8672, tid=292
#
# JRE version: Java(TM) SE Runtime Environment (17.0.12+8) (build 17.0.12+8-LTS-286)
# Java VM: Java HotSpot(TM) 64-Bit Server VM (17.0.12+8-LTS-286, mixed mode, sharing, tiered, compressed oops, compressed class ptrs, g1 gc, windows-amd64)
# No core dump will be written. Minidumps are not enabled by default on client versions of Windows
#

---------------  S U M M A R Y ------------

Command Line: -Dorg.gradle.appname=gradlew org.gradle.wrapper.GradleWrapperMain -q -Ptarget-platform=android-arm64 -Ptarget=C:\FlutterApps\chatapp\lib\main.dart -Pbase-application-name=android.app.Application -Pdart-defines=RkxVVFRFUl9WRVJTSU9OPTMuMzUuNg==,RkxVVFRFUl9DSEFOTkVMPXN0YWJsZQ==,RkxVVFRFUl9HSVRfVVJMPWh0dHBzOi8vZ2l0aHViLmNvbS9mbHV0dGVyL2ZsdXR0ZXIuZ2l0,RkxVVFRFUl9GUkFNRVdPUktfUkVWSVNJT049OWY0NTVkMjQ4Ng==,RkxVVFRFUl9FTkdJTkVfUkVWSVNJT049ZDI5MTM2MzJhNA==,RkxVVFRFUl9EQVJUX1ZFUlNJT049My45LjI= -Pdart-obfuscation=false -Ptrack-widget-creation=true -Ptree-shake-icons=false -Pfilesystem-scheme=org-dartlang-root assembleDebug

Host: Intel(R) Core(TM)2 Duo CPU     E7300  @ 2.66GHz, 2 cores, 1G,  Windows 10 , 64 bit Build 19041 (10.0.19041.5915)
Time: Wed Oct 15 23:44:19 2025 India Standard Time elapsed time: 11.223637 seconds (0d 0h 0m 11s)

---------------  T H R E A D  ---------------

Current thread (0x0000019ecb16b4c0):  JavaThread "C2 CompilerThread0" daemon [_thread_in_native, id=292, stack(0x0000000a6d400000,0x0000000a6d500000)]


Current CompileTask:
C2:  11224  673 %     4       java.util.jar.Manifest$FastInputStream::readLine @ 86 (296 bytes)

Stack: [0x0000000a6d400000,0x0000000a6d500000]
Native frames: (J=compiled Java code, j=interpreted, Vv=VM code, C=native code)
V  [jvm.dll+0x67a04a]
V  [jvm.dll+0x7da4ed]
V  [jvm.dll+0x7dbe33]
V  [jvm.dll+0x7dc4a3]
V  [jvm.dll+0x24508f]
V  [jvm.dll+0xab773]
V  [jvm.dll+0xabd3c]
V  [jvm.dll+0x2aa52f]
V  [jvm.dll+0x581eb9]
V  [jvm.dll+0x21f422]
V  [jvm.dll+0x21837b]
V  [jvm.dll+0x215b65]
V  [jvm.dll+0x1a2960]
V  [jvm.dll+0x22610b]
V  [jvm.dll+0x2242ab]
V  [jvm.dll+0x79075c]
V  [jvm.dll+0x78abea]
V  [jvm.dll+0x678f35]
C  [ucrtbase.dll+0x21bb2]
C  [KERNEL32.DLL+0x17374]
C  [ntdll.dll+0x4cc91]


---------------  P R O C E S S  ---------------

Threads class SMR info:
_java_thread_list=0x0000019ecb22e610, length=12, elements={
0x0000019eb15dace0, 0x0000019eb16a10a0, 0x0000019eb16a1e30, 0x0000019ecb167d90,
0x0000019ecb169670, 0x0000019ecb169f40, 0x0000019ecb16a810, 0x0000019ecb16b4c0,
0x0000019ecb16dea0, 0x0000019ecb1d8ea0, 0x0000019ecb22e7f0, 0x0000019ecb234dc0
}

Java Threads: ( => current thread )
  0x0000019eb15dace0 JavaThread "main" [_thread_in_native, id=7808, stack(0x0000000a6c700000,0x0000000a6c800000)]
  0x0000019eb16a10a0 JavaThread "Reference Handler" daemon [_thread_blocked, id=5968, stack(0x0000000a6ce00000,0x0000000a6cf00000)]
  0x0000019eb16a1e30 JavaThread "Finalizer" daemon [_thread_blocked, id=3300, stack(0x0000000a6cf00000,0x0000000a6d000000)]
  0x0000019ecb167d90 JavaThread "Signal Dispatcher" daemon [_thread_blocked, id=7956, stack(0x0000000a6d000000,0x0000000a6d100000)]
  0x0000019ecb169670 JavaThread "Attach Listener" daemon [_thread_blocked, id=6340, stack(0x0000000a6d100000,0x0000000a6d200000)]
  0x0000019ecb169f40 JavaThread "Service Thread" daemon [_thread_blocked, id=6684, stack(0x0000000a6d200000,0x0000000a6d300000)]
  0x0000019ecb16a810 JavaThread "Monitor Deflation Thread" daemon [_thread_blocked, id=4856, stack(0x0000000a6d300000,0x0000000a6d400000)]
=>0x0000019ecb16b4c0 JavaThread "C2 CompilerThread0" daemon [_thread_in_native, id=292, stack(0x0000000a6d400000,0x0000000a6d500000)]
  0x0000019ecb16dea0 JavaThread "C1 CompilerThread0" daemon [_thread_blocked, id=6244, stack(0x0000000a6d500000,0x0000000a6d600000)]
  0x0000019ecb1d8ea0 JavaThread "Sweeper thread" daemon [_thread_blocked, id=4016, stack(0x0000000a6d600000,0x0000000a6d700000)]
  0x0000019ecb22e7f0 JavaThread "Notification Thread" daemon [_thread_blocked, id=5896, stack(0x0000000a6d700000,0x0000000a6d800000)]
  0x0000019ecb234dc0 JavaThread "Common-Cleaner" daemon [_thread_blocked, id=3920, stack(0x0000000a6d900000,0x0000000a6da00000)]

Other Threads:
  0x0000019eb169c120 VMThread "VM Thread" [stack: 0x0000000a6cd00000,0x0000000a6ce00000] [id=5464]
  0x0000019ecb234980 WatcherThread [stack: 0x0000000a6d800000,0x0000000a6d900000] [id=5268]
  0x0000019eb1605e10 GCTaskThread "GC Thread#0" [stack: 0x0000000a6c800000,0x0000000a6c900000] [id=9020]
  0x0000019ecb541c50 GCTaskThread "GC Thread#1" [stack: 0x0000000a6da00000,0x0000000a6db00000] [id=3432]
  0x0000019eb160ab70 ConcurrentGCThread "G1 Main Marker" [stack: 0x0000000a6c900000,0x0000000a6ca00000] [id=5960]
  0x0000019eb160ccb0 ConcurrentGCThread "G1 Conc#0" [stack: 0x0000000a6ca00000,0x0000000a6cb00000] [id=3696]
  0x0000019eb163bda0 ConcurrentGCThread "G1 Refine#0" [stack: 0x0000000a6cb00000,0x0000000a6cc00000] [id=3540]
  0x0000019eb163c6e0 ConcurrentGCThread "G1 Service" [stack: 0x0000000a6cc00000,0x0000000a6cd00000] [id=328]

Threads with active compile tasks:
C2 CompilerThread0    11451  673 %     4       java.util.jar.Manifest$FastInputStream::readLine @ 86 (296 bytes)

VM state: not at safepoint (normal execution)

VM Mutex/Monitor currently owned by a thread: None

Heap address: 0x00000000e0800000, size: 504 MB, Compressed Oops mode: 32-bit

CDS archive(s) mapped at: [0x0000019ecc000000-0x0000019eccbd0000-0x0000019eccbd0000), size 12386304, SharedBaseAddress: 0x0000019ecc000000, ArchiveRelocationMode: 1.
Compressed class space mapped at: 0x0000019ecd000000-0x0000019f0d000000, reserved size: 1073741824
Narrow klass base: 0x0000019ecc000000, Narrow klass shift: 0, Narrow klass range: 0x100000000

GC Precious Log:
 CPUs: 2 total, 2 available
 Memory: 2013M
 Large Page Support: Disabled
 NUMA Support: Disabled
 Compressed Oops: Enabled (32-bit)
 Heap Region Size: 1M
 Heap Min Capacity: 8M
 Heap Initial Capacity: 32M
 Heap Max Capacity: 504M
 Pre-touch: Disabled
 Parallel Workers: 2
 Concurrent Workers: 1
 Concurrent Refinement Workers: 2
 Periodic GC: Disabled

Heap:
 garbage-first heap   total 32768K, used 4858K [0x00000000e0800000, 0x0000000100000000)
  region size 1024K, 6 young (6144K), 2 survivors (2048K)
 Metaspace       used 1983K, committed 2048K, reserved 1114112K
  class space    used 167K, committed 192K, reserved 1048576K

Heap Regions: E=young(eden), S=young(survivor), O=old, HS=humongous(starts), HC=humongous(continues), CS=collection set, F=free, OA=open archive, CA=closed archive, TAMS=top-at-mark-start (previous, next)
|   0|0x00000000e0800000, 0x00000000e0900000, 0x00000000e0900000|100%| O|  |TAMS 0x00000000e0800000, 0x00000000e0800000| Untracked 
|   1|0x00000000e0900000, 0x00000000e0935800, 0x00000000e0a00000| 20%| O|  |TAMS 0x00000000e0900000, 0x00000000e0900000| Untracked 
|   2|0x00000000e0a00000, 0x00000000e0a00000, 0x00000000e0b00000|  0%| F|  |TAMS 0x00000000e0a00000, 0x00000000e0a00000| Untracked 
|   3|0x00000000e0b00000, 0x00000000e0b00000, 0x00000000e0c00000|  0%| F|  |TAMS 0x00000000e0b00000, 0x00000000e0b00000| Untracked 
|   4|0x00000000e0c00000, 0x00000000e0c00000, 0x00000000e0d00000|  0%| F|  |TAMS 0x00000000e0c00000, 0x00000000e0c00000| Untracked 
|   5|0x00000000e0d00000, 0x00000000e0d00000, 0x00000000e0e00000|  0%| F|  |TAMS 0x00000000e0d00000, 0x00000000e0d00000| Untracked 
|   6|0x00000000e0e00000, 0x00000000e0e00000, 0x00000000e0f00000|  0%| F|  |TAMS 0x00000000e0e00000, 0x00000000e0e00000| Untracked 
|   7|0x00000000e0f00000, 0x00000000e0f00000, 0x00000000e1000000|  0%| F|  |TAMS 0x00000000e0f00000, 0x00000000e0f00000| Untracked 
|   8|0x00000000e1000000, 0x00000000e1000000, 0x00000000e1100000|  0%| F|  |TAMS 0x00000000e1000000, 0x00000000e1000000| Untracked 
|   9|0x00000000e1100000, 0x00000000e1100000, 0x00000000e1200000|  0%| F|  |TAMS 0x00000000e1100000, 0x00000000e1100000| Untracked 
|  10|0x00000000e1200000, 0x00000000e1200000, 0x00000000e1300000|  0%| F|  |TAMS 0x00000000e1200000, 0x00000000e1200000| Untracked 
|  11|0x00000000e1300000, 0x00000000e1300000, 0x00000000e1400000|  0%| F|  |TAMS 0x00000000e1300000, 0x00000000e1300000| Untracked 
|  12|0x00000000e1400000, 0x00000000e1400000, 0x00000000e1500000|  0%| F|  |TAMS 0x00000000e1400000, 0x00000000e1400000| Untracked 
|  13|0x00000000e1500000, 0x00000000e1500000, 0x00000000e1600000|  0%| F|  |TAMS 0x00000000e1500000, 0x00000000e1500000| Untracked 
|  14|0x00000000e1600000, 0x00000000e1600000, 0x00000000e1700000|  0%| F|  |TAMS 0x00000000e1600000, 0x00000000e1600000| Untracked 
|  15|0x00000000e1700000, 0x00000000e1700000, 0x00000000e1800000|  0%| F|  |TAMS 0x00000000e1700000, 0x00000000e1700000| Untracked 
|  16|0x00000000e1800000, 0x00000000e1800000, 0x00000000e1900000|  0%| F|  |TAMS 0x00000000e1800000, 0x00000000e1800000| Untracked 
|  17|0x00000000e1900000, 0x00000000e1900000, 0x00000000e1a00000|  0%| F|  |TAMS 0x00000000e1900000, 0x00000000e1900000| Untracked 
|  18|0x00000000e1a00000, 0x00000000e1a00000, 0x00000000e1b00000|  0%| F|  |TAMS 0x00000000e1a00000, 0x00000000e1a00000| Untracked 
|  19|0x00000000e1b00000, 0x00000000e1b892f0, 0x00000000e1c00000| 53%| S|CS|TAMS 0x00000000e1b00000, 0x00000000e1b00000| Complete 
|  20|0x00000000e1c00000, 0x00000000e1d00000, 0x00000000e1d00000|100%| S|CS|TAMS 0x00000000e1c00000, 0x00000000e1c00000| Complete 
|  21|0x00000000e1d00000, 0x00000000e1d00000, 0x00000000e1e00000|  0%| F|  |TAMS 0x00000000e1d00000, 0x00000000e1d00000| Untracked 
|  22|0x00000000e1e00000, 0x00000000e1e00000, 0x00000000e1f00000|  0%| F|  |TAMS 0x00000000e1e00000, 0x00000000e1e00000| Untracked 
|  23|0x00000000e1f00000, 0x00000000e1f00000, 0x00000000e2000000|  0%| F|  |TAMS 0x00000000e1f00000, 0x00000000e1f00000| Untracked 
|  24|0x00000000e2000000, 0x00000000e2000000, 0x00000000e2100000|  0%| F|  |TAMS 0x00000000e2000000, 0x00000000e2000000| Untracked 
|  25|0x00000000e2100000, 0x00000000e2100000, 0x00000000e2200000|  0%| F|  |TAMS 0x00000000e2100000, 0x00000000e2100000| Untracked 
|  26|0x00000000e2200000, 0x00000000e2200000, 0x00000000e2300000|  0%| F|  |TAMS 0x00000000e2200000, 0x00000000e2200000| Untracked 
|  27|0x00000000e2300000, 0x00000000e2300000, 0x00000000e2400000|  0%| F|  |TAMS 0x00000000e2300000, 0x00000000e2300000| Untracked 
|  28|0x00000000e2400000, 0x00000000e24972d8, 0x00000000e2500000| 59%| E|  |TAMS 0x00000000e2400000, 0x00000000e2400000| Complete 
|  29|0x00000000e2500000, 0x00000000e2600000, 0x00000000e2600000|100%| E|CS|TAMS 0x00000000e2500000, 0x00000000e2500000| Complete 
|  30|0x00000000e2600000, 0x00000000e2700000, 0x00000000e2700000|100%| E|  |TAMS 0x00000000e2600000, 0x00000000e2600000| Complete 
|  31|0x00000000e2700000, 0x00000000e2800000, 0x00000000e2800000|100%| E|CS|TAMS 0x00000000e2700000, 0x00000000e2700000| Complete 

Card table byte_map: [0x0000019eb12c0000,0x0000019eb13c0000] _byte_map_base: 0x0000019eb0bbc000

Marking Bits (Prev, Next): (CMBitMap*) 0x0000019eb1606340, (CMBitMap*) 0x0000019eb1606380
 Prev Bits: [0x0000019ec7ea0000, 0x0000019ec8680000)
 Next Bits: [0x0000019ec8680000, 0x0000019ec8e60000)

Polling page: 0x0000019eaf5e0000

Metaspace:

Usage:
  Non-class:      1.77 MB used.
      Class:    167.02 KB used.
       Both:      1.94 MB used.

Virtual space:
  Non-class space:       64.00 MB reserved,       1.81 MB (  3%) committed,  1 nodes.
      Class space:        1.00 GB reserved,     192.00 KB ( <1%) committed,  1 nodes.
             Both:        1.06 GB reserved,       2.00 MB ( <1%) committed. 

Chunk freelists:
   Non-Class:  11.69 MB
       Class:  15.69 MB
        Both:  27.38 MB

MaxMetaspaceSize: unlimited
CompressedClassSpaceSize: 1.00 GB
Initial GC threshold: 21.00 MB
Current GC threshold: 21.00 MB
CDS: on
MetaspaceReclaimPolicy: balanced
 - commit_granule_bytes: 65536.
 - commit_granule_words: 8192.
 - virtual_space_node_default_size: 8388608.
 - enlarge_chunks_in_place: 1.
 - new_chunks_are_fully_committed: 0.
 - uncommit_free_chunks: 1.
 - use_allocation_guard: 0.
 - handle_deallocations: 1.


Internal statistics:

num_allocs_failed_limit: 0.
num_arena_births: 14.
num_arena_deaths: 0.
num_vsnodes_births: 2.
num_vsnodes_deaths: 0.
num_space_committed: 32.
num_space_uncommitted: 0.
num_chunks_returned_to_freelist: 0.
num_chunks_taken_from_freelist: 42.
num_chunk_merges: 0.
num_chunk_splits: 20.
num_chunks_enlarged: 16.
num_inconsistent_stats: 0.

CodeHeap 'non-profiled nmethods': size=120064Kb used=257Kb max_used=257Kb free=119806Kb
 bounds [0x0000019ec0960000, 0x0000019ec0bd0000, 0x0000019ec7ea0000]
CodeHeap 'profiled nmethods': size=120000Kb used=1225Kb max_used=1225Kb free=118775Kb
 bounds [0x0000019eb8ea0000, 0x0000019eb9110000, 0x0000019ec03d0000]
CodeHeap 'non-nmethods': size=5696Kb used=1119Kb max_used=1136Kb free=4576Kb
 bounds [0x0000019ec03d0000, 0x0000019ec0640000, 0x0000019ec0960000]
 total_blobs=1080 nmethods=675 adapters=319
 compilation: enabled
              stopped_count=0, restarted_count=0
 full_count=0

Compilation events (20 events):
Event: 11.013 Thread 0x0000019ecb16dea0 nmethod 665 0x0000019eb8fc6190 code [0x0000019eb8fc6440, 0x0000019eb8fc7258]
Event: 11.033 Thread 0x0000019ecb16dea0  666       3       java.io.WinNTFileSystem::normalizePrefix (132 bytes)
Event: 11.037 Thread 0x0000019ecb16dea0 nmethod 666 0x0000019eb8fc7710 code [0x0000019eb8fc7b40, 0x0000019eb8fc9bc8]
Event: 11.053 Thread 0x0000019ecb16dea0  667       3       java.lang.StringBuilder::<init> (6 bytes)
Event: 11.053 Thread 0x0000019ecb16dea0 nmethod 667 0x0000019eb8fca810 code [0x0000019eb8fca9a0, 0x0000019eb8fcaae8]
Event: 11.059 Thread 0x0000019ecb16b4c0  668       4       java.lang.StringBuilder::append (8 bytes)
Event: 11.069 Thread 0x0000019ecb16b4c0 nmethod 668 0x0000019ec099ef10 code [0x0000019ec099f0c0, 0x0000019ec099f688]
Event: 11.069 Thread 0x0000019ecb16b4c0  669       4       java.lang.AbstractStringBuilder::append (45 bytes)
Event: 11.078 Thread 0x0000019ecb16b4c0 nmethod 669 0x0000019ec099fa90 code [0x0000019ec099fc40, 0x0000019ec09a01e8]
Event: 11.100 Thread 0x0000019ecb16dea0  670       3       java.util.jar.Attributes$Name::hash (148 bytes)
Event: 11.102 Thread 0x0000019ecb16dea0 nmethod 670 0x0000019eb8fcab90 code [0x0000019eb8fcae20, 0x0000019eb8fcbb48]
Event: 11.102 Thread 0x0000019ecb16dea0  671       3       java.io.ByteArrayOutputStream::ensureCapacity (32 bytes)
Event: 11.103 Thread 0x0000019ecb16dea0 nmethod 671 0x0000019eb8fcc010 code [0x0000019eb8fcc1e0, 0x0000019eb8fcc598]
Event: 11.133 Thread 0x0000019ecb16dea0  672       3       jdk.internal.perf.PerfCounter::increment (6 bytes)
Event: 11.133 Thread 0x0000019ecb16dea0 nmethod 672 0x0000019eb8fcc710 code [0x0000019eb8fcc8c0, 0x0000019eb8fcca08]
Event: 11.133 Thread 0x0000019ecb16b4c0  673 %     4       java.util.jar.Manifest$FastInputStream::readLine @ 86 (296 bytes)
Event: 11.134 Thread 0x0000019ecb16dea0  674       3       java.util.jar.Attributes$Name::of (28 bytes)
Event: 11.134 Thread 0x0000019ecb16dea0 nmethod 674 0x0000019eb8fcca90 code [0x0000019eb8fccca0, 0x0000019eb8fcd248]
Event: 11.134 Thread 0x0000019ecb16dea0  675       3       java.util.jar.Attributes::putValue (13 bytes)
Event: 11.135 Thread 0x0000019ecb16dea0 nmethod 675 0x0000019eb8fcd490 code [0x0000019eb8fcd6a0, 0x0000019eb8fcded8]

GC Heap History (6 events):
Event: 6.578 GC heap before
{Heap before GC invocations=0 (full 0):
 garbage-first heap   total 32768K, used 6144K [0x00000000e0800000, 0x0000000100000000)
  region size 1024K, 6 young (6144K), 0 survivors (0K)
 Metaspace       used 1724K, committed 1792K, reserved 1114112K
  class space    used 163K, committed 192K, reserved 1048576K
}
Event: 7.030 GC heap after
{Heap after GC invocations=1 (full 0):
 garbage-first heap   total 32768K, used 1218K [0x00000000e0800000, 0x0000000100000000)
  region size 1024K, 1 young (1024K), 1 survivors (1024K)
 Metaspace       used 1724K, committed 1792K, reserved 1114112K
  class space    used 163K, committed 192K, reserved 1048576K
}
Event: 7.750 GC heap before
{Heap before GC invocations=1 (full 0):
 garbage-first heap   total 32768K, used 6338K [0x00000000e0800000, 0x0000000100000000)
  region size 1024K, 7 young (7168K), 1 survivors (1024K)
 Metaspace       used 1774K, committed 1856K, reserved 1114112K
  class space    used 163K, committed 192K, reserved 1048576K
}
Event: 7.755 GC heap after
{Heap after GC invocations=2 (full 0):
 garbage-first heap   total 32768K, used 1610K [0x00000000e0800000, 0x0000000100000000)
  region size 1024K, 1 young (1024K), 1 survivors (1024K)
 Metaspace       used 1774K, committed 1856K, reserved 1114112K
  class space    used 163K, committed 192K, reserved 1048576K
}
Event: 9.910 GC heap before
{Heap before GC invocations=2 (full 0):
 garbage-first heap   total 32768K, used 10826K [0x00000000e0800000, 0x0000000100000000)
  region size 1024K, 11 young (11264K), 1 survivors (1024K)
 Metaspace       used 1923K, committed 1984K, reserved 1114112K
  class space    used 167K, committed 192K, reserved 1048576K
}
Event: 9.913 GC heap after
{Heap after GC invocations=3 (full 0):
 garbage-first heap   total 32768K, used 2810K [0x00000000e0800000, 0x0000000100000000)
  region size 1024K, 2 young (2048K), 2 survivors (2048K)
 Metaspace       used 1923K, committed 1984K, reserved 1114112K
  class space    used 167K, committed 192K, reserved 1048576K
}

Deoptimization events (20 events):
Event: 8.398 Thread 0x0000019eb15dace0 Uncommon trap: trap_request=0xffffff45 fr.pc=0x0000019ec098c0c0 relative=0x00000000000006e0
Event: 8.398 Thread 0x0000019eb15dace0 Uncommon trap: reason=unstable_if action=reinterpret pc=0x0000019ec098c0c0 method=java.util.HashMap.putVal(ILjava/lang/Object;Ljava/lang/Object;ZZ)Ljava/lang/Object; @ 81 c2
Event: 8.398 Thread 0x0000019eb15dace0 DEOPT PACKING pc=0x0000019ec098c0c0 sp=0x0000000a6c7fe670
Event: 8.398 Thread 0x0000019eb15dace0 DEOPT UNPACKING pc=0x0000019ec042239d sp=0x0000000a6c7fe620 mode 2
Event: 8.642 Thread 0x0000019eb15dace0 Uncommon trap: trap_request=0xffffff45 fr.pc=0x0000019ec098b214 relative=0x00000000000001f4
Event: 8.642 Thread 0x0000019eb15dace0 Uncommon trap: reason=unstable_if action=reinterpret pc=0x0000019ec098b214 method=java.io.WinNTFileSystem.normalize(Ljava/lang/String;)Ljava/lang/String; @ 104 c2
Event: 8.642 Thread 0x0000019eb15dace0 DEOPT PACKING pc=0x0000019ec098b214 sp=0x0000000a6c7fdd20
Event: 8.642 Thread 0x0000019eb15dace0 DEOPT UNPACKING pc=0x0000019ec042239d sp=0x0000000a6c7fdca8 mode 2
Event: 8.650 Thread 0x0000019eb15dace0 Uncommon trap: trap_request=0xffffff45 fr.pc=0x0000019ec0983380 relative=0x00000000000005c0
Event: 8.650 Thread 0x0000019eb15dace0 Uncommon trap: reason=unstable_if action=reinterpret pc=0x0000019ec0983380 method=java.util.zip.ZipFile$Source.checkAndAddEntry(II)I @ 50 c2
Event: 8.650 Thread 0x0000019eb15dace0 DEOPT PACKING pc=0x0000019ec0983380 sp=0x0000000a6c7fd9d0
Event: 8.650 Thread 0x0000019eb15dace0 DEOPT UNPACKING pc=0x0000019ec042239d sp=0x0000000a6c7fd940 mode 2
Event: 8.677 Thread 0x0000019eb15dace0 DEOPT PACKING pc=0x0000019eb8edb86e sp=0x0000000a6c7fe3f0
Event: 8.677 Thread 0x0000019eb15dace0 DEOPT UNPACKING pc=0x0000019ec0422b24 sp=0x0000000a6c7fd8b0 mode 0
Event: 8.842 Thread 0x0000019eb15dace0 Uncommon trap: trap_request=0xffffff45 fr.pc=0x0000019ec0984214 relative=0x0000000000000174
Event: 8.842 Thread 0x0000019eb15dace0 Uncommon trap: reason=unstable_if action=reinterpret pc=0x0000019ec0984214 method=java.util.zip.ZipFile$Source.isMetaName([BII)Z @ 43 c2
Event: 8.842 Thread 0x0000019eb15dace0 DEOPT PACKING pc=0x0000019ec0984214 sp=0x0000000a6c7fc100
Event: 8.842 Thread 0x0000019eb15dace0 DEOPT UNPACKING pc=0x0000019ec042239d sp=0x0000000a6c7fc0a8 mode 2
Event: 10.599 Thread 0x0000019eb15dace0 DEOPT PACKING pc=0x0000019eb8ef85d6 sp=0x0000000a6c7fbdb0
Event: 10.599 Thread 0x0000019eb15dace0 DEOPT UNPACKING pc=0x0000019ec0422b24 sp=0x0000000a6c7fb250 mode 0

Classes unloaded (0 events):
No events

Classes redefined (0 events):
No events

Internal exceptions (1 events):
Event: 4.040 Thread 0x0000019eb15dace0 Exception <a 'java/lang/NoSuchMethodError'{0x00000000e25707c0}: 'int java.lang.invoke.DirectMethodHandle$Holder.invokeStaticInit(java.lang.Object, java.lang.Object)'> (0x00000000e25707c0) 
thrown [s\open\src\hotspot\share\interpreter\linkResolver.cpp, line 759]

VM Operations (18 events):
Event: 2.794 Executing VM operation: Cleanup
Event: 2.794 Executing VM operation: Cleanup done
Event: 3.809 Executing VM operation: Cleanup
Event: 3.809 Executing VM operation: Cleanup done
Event: 5.824 Executing VM operation: Cleanup
Event: 5.824 Executing VM operation: Cleanup done
Event: 6.575 Executing VM operation: G1CollectForAllocation
Event: 7.031 Executing VM operation: G1CollectForAllocation done
Event: 7.749 Executing VM operation: G1CollectForAllocation
Event: 7.761 Executing VM operation: G1CollectForAllocation done
Event: 8.775 Executing VM operation: Cleanup
Event: 8.775 Executing VM operation: Cleanup done
Event: 9.790 Executing VM operation: Cleanup
Event: 9.790 Executing VM operation: Cleanup done
Event: 9.909 Executing VM operation: G1CollectForAllocation
Event: 9.913 Executing VM operation: G1CollectForAllocation done
Event: 10.915 Executing VM operation: Cleanup
Event: 10.916 Executing VM operation: Cleanup done

Events (20 events):
Event: 3.798 loading class java/io/FilePermissionCollection
Event: 3.799 loading class java/io/FilePermissionCollection done
Event: 3.799 loading class java/util/Vector
Event: 3.800 loading class java/util/Vector done
Event: 3.800 loading class java/io/FilePermissionCollection$1
Event: 3.800 loading class java/io/FilePermissionCollection$1 done
Event: 4.058 loading class java/net/MalformedURLException
Event: 4.058 loading class java/net/MalformedURLException done
Event: 4.061 loading class java/io/FileFilter
Event: 4.061 loading class java/io/FileFilter done
Event: 5.677 loading class java/util/AbstractList$Itr
Event: 5.678 loading class java/util/AbstractList$Itr done
Event: 5.680 loading class java/util/zip/ZipException
Event: 5.683 loading class java/util/zip/ZipException done
Event: 5.813 loading class java/lang/invoke/DirectMethodHandle$Special
Event: 5.814 loading class java/lang/invoke/DirectMethodHandle$Special done
Event: 8.656 loading class java/io/BufferedReader
Event: 8.657 loading class java/io/BufferedReader done
Event: 8.658 loading class sun/nio/cs/StreamDecoder
Event: 8.658 loading class sun/nio/cs/StreamDecoder done


Dynamic libraries:
0x00007ff6df0f0000 - 0x00007ff6df100000 	C:\Program Files\Java\jdk-17\bin\java.exe
0x00007ffb3aa10000 - 0x00007ffb3ac08000 	C:\WINDOWS\SYSTEM32\ntdll.dll
0x00007ffb39a20000 - 0x00007ffb39ae2000 	C:\WINDOWS\System32\KERNEL32.DLL
0x00007ffb37080000 - 0x00007ffb37376000 	C:\WINDOWS\System32\KERNELBASE.dll
0x00007ffb36f80000 - 0x00007ffb37080000 	C:\WINDOWS\System32\ucrtbase.dll
0x00007ffb1c100000 - 0x00007ffb1c119000 	C:\Program Files\Java\jdk-17\bin\jli.dll
0x00007ffb39fd0000 - 0x00007ffb3a081000 	C:\WINDOWS\System32\ADVAPI32.dll
0x00007ffb398b0000 - 0x00007ffb3994e000 	C:\WINDOWS\System32\msvcrt.dll
0x00007ffb381b0000 - 0x00007ffb3824f000 	C:\WINDOWS\System32\sechost.dll
0x00007ffb3a140000 - 0x00007ffb3a260000 	C:\WINDOWS\System32\RPCRT4.dll
0x00007ffb38050000 - 0x00007ffb38077000 	C:\WINDOWS\System32\bcrypt.dll
0x00007ffb38bb0000 - 0x00007ffb38d4d000 	C:\WINDOWS\System32\USER32.dll
0x00007ffb37430000 - 0x00007ffb37452000 	C:\WINDOWS\System32\win32u.dll
0x00007ffb388a0000 - 0x00007ffb388cb000 	C:\WINDOWS\System32\GDI32.dll
0x00007ffb37ce0000 - 0x00007ffb37df9000 	C:\WINDOWS\System32\gdi32full.dll
0x00007ffb37c40000 - 0x00007ffb37cdd000 	C:\WINDOWS\System32\msvcp_win.dll
0x00007ffb24190000 - 0x00007ffb2442b000 	C:\WINDOWS\WinSxS\amd64_microsoft.windows.common-controls_6595b64144ccf1df_6.0.19041.6280_none_60bc30a171f2f3f3\COMCTL32.dll
0x00007ffb2b420000 - 0x00007ffb2b42a000 	C:\WINDOWS\SYSTEM32\VERSION.dll
0x00007ffb1c0e0000 - 0x00007ffb1c0fb000 	C:\Program Files\Java\jdk-17\bin\VCRUNTIME140.dll
0x00007ffb380e0000 - 0x00007ffb3810f000 	C:\WINDOWS\System32\IMM32.DLL
0x00007ffb1c0d0000 - 0x00007ffb1c0dc000 	C:\Program Files\Java\jdk-17\bin\vcruntime140_1.dll
0x00007ffb16900000 - 0x00007ffb1698e000 	C:\Program Files\Java\jdk-17\bin\msvcp140.dll
0x00007ffaf5950000 - 0x00007ffaf6530000 	C:\Program Files\Java\jdk-17\bin\server\jvm.dll
0x00007ffb39110000 - 0x00007ffb39118000 	C:\WINDOWS\System32\PSAPI.DLL
0x00007ffb19cd0000 - 0x00007ffb19cd9000 	C:\WINDOWS\SYSTEM32\WSOCK32.dll
0x00007ffb38450000 - 0x00007ffb384bb000 	C:\WINDOWS\System32\WS2_32.dll
0x00007ffb29730000 - 0x00007ffb29757000 	C:\WINDOWS\SYSTEM32\WINMM.dll
0x00007ffb35560000 - 0x00007ffb35572000 	C:\WINDOWS\SYSTEM32\kernel.appcore.dll
0x00007ffb19cc0000 - 0x00007ffb19cca000 	C:\Program Files\Java\jdk-17\bin\jimage.dll
0x00007ffb262e0000 - 0x00007ffb264e1000 	C:\WINDOWS\SYSTEM32\DBGHELP.DLL
0x00007ffb262a0000 - 0x00007ffb262d4000 	C:\WINDOWS\SYSTEM32\dbgcore.DLL
0x00007ffb37fc0000 - 0x00007ffb38042000 	C:\WINDOWS\System32\bcryptPrimitives.dll
0x00007ffb15230000 - 0x00007ffb15255000 	C:\Program Files\Java\jdk-17\bin\java.dll
0x00007ffb14fa0000 - 0x00007ffb15077000 	C:\Program Files\Java\jdk-17\bin\jsvml.dll
0x00007ffb3a260000 - 0x00007ffb3a9d0000 	C:\WINDOWS\System32\SHELL32.dll
0x00007ffb37490000 - 0x00007ffb37c35000 	C:\WINDOWS\System32\windows.storage.dll
0x00007ffb38540000 - 0x00007ffb38893000 	C:\WINDOWS\System32\combase.dll
0x00007ffb36ed0000 - 0x00007ffb36efb000 	C:\WINDOWS\System32\Wldp.dll
0x00007ffb39950000 - 0x00007ffb39a1d000 	C:\WINDOWS\System32\OLEAUT32.dll
0x00007ffb38340000 - 0x00007ffb383ed000 	C:\WINDOWS\System32\SHCORE.dll
0x00007ffb38110000 - 0x00007ffb3816b000 	C:\WINDOWS\System32\shlwapi.dll
0x00007ffb36e00000 - 0x00007ffb36e24000 	C:\WINDOWS\SYSTEM32\profapi.dll
0x00007ffb168d0000 - 0x00007ffb168e9000 	C:\Program Files\Java\jdk-17\bin\net.dll
0x00007ffb30eb0000 - 0x00007ffb30fba000 	C:\WINDOWS\SYSTEM32\WINHTTP.dll
0x00007ffb365c0000 - 0x00007ffb3662a000 	C:\WINDOWS\system32\mswsock.dll
0x00007ffb15210000 - 0x00007ffb15226000 	C:\Program Files\Java\jdk-17\bin\nio.dll
0x00007ffb151f0000 - 0x00007ffb15208000 	C:\Program Files\Java\jdk-17\bin\zip.dll
0x00007ffb19cb0000 - 0x00007ffb19cc0000 	C:\Program Files\Java\jdk-17\bin\verify.dll

dbghelp: loaded successfully - version: 4.0.5 - missing functions: none
symbol engine: initialized successfully - sym options: 0x614 - pdb path: .;C:\Program Files\Java\jdk-17\bin;C:\WINDOWS\SYSTEM32;C:\WINDOWS\WinSxS\amd64_microsoft.windows.common-controls_6595b64144ccf1df_6.0.19041.6280_none_60bc30a171f2f3f3;C:\Program Files\Java\jdk-17\bin\server

VM Arguments:
jvm_args: -Dorg.gradle.appname=gradlew 
java_command: org.gradle.wrapper.GradleWrapperMain -q -Ptarget-platform=android-arm64 -Ptarget=C:\FlutterApps\chatapp\lib\main.dart -Pbase-application-name=android.app.Application -Pdart-defines=RkxVVFRFUl9WRVJTSU9OPTMuMzUuNg==,RkxVVFRFUl9DSEFOTkVMPXN0YWJsZQ==,RkxVVFRFUl9HSVRfVVJMPWh0dHBzOi8vZ2l0aHViLmNvbS9mbHV0dGVyL2ZsdXR0ZXIuZ2l0,RkxVVFRFUl9GUkFNRVdPUktfUkVWSVNJT049OWY0NTVkMjQ4Ng==,RkxVVFRFUl9FTkdJTkVfUkVWSVNJT049ZDI5MTM2MzJhNA==,RkxVVFRFUl9EQVJUX1ZFUlNJT049My45LjI= -Pdart-obfuscation=false -Ptrack-widget-creation=true -Ptree-shake-icons=false -Pfilesystem-scheme=org-dartlang-root assembleDebug
java_class_path (initial): C:\FlutterApps\chatapp\android\\gradle\wrapper\gradle-wrapper.jar
Launcher Type: SUN_STANDARD

[Global flags]
     intx CICompilerCount                          = 2                                         {product} {ergonomic}
     uint ConcGCThreads                            = 1                                         {product} {ergonomic}
     uint G1ConcRefinementThreads                  = 2                                         {product} {ergonomic}
   size_t G1HeapRegionSize                         = 1048576                                   {product} {ergonomic}
    uintx GCDrainStackTargetSize                   = 64                                        {product} {ergonomic}
   size_t InitialHeapSize                          = 33554432                                  {product} {ergonomic}
   size_t MarkStackSize                            = 4194304                                   {product} {ergonomic}
   size_t MaxHeapSize                              = 528482304                                 {product} {ergonomic}
   size_t MaxNewSize                               = 316669952                                 {product} {ergonomic}
   size_t MinHeapDeltaBytes                        = 1048576                                   {product} {ergonomic}
   size_t MinHeapSize                              = 8388608                                   {product} {ergonomic}
    uintx NonNMethodCodeHeapSize                   = 5826188                                {pd product} {ergonomic}
    uintx NonProfiledCodeHeapSize                  = 122916026                              {pd product} {ergonomic}
    uintx ProfiledCodeHeapSize                     = 122916026                              {pd product} {ergonomic}
    uintx ReservedCodeCacheSize                    = 251658240                              {pd product} {ergonomic}
     bool SegmentedCodeCache                       = true                                      {product} {ergonomic}
   size_t SoftMaxHeapSize                          = 528482304                              {manageable} {ergonomic}
     bool UseCompressedClassPointers               = true                           {product lp64_product} {ergonomic}
     bool UseCompressedOops                        = true                           {product lp64_product} {ergonomic}
     bool UseG1GC                                  = true                                      {product} {ergonomic}
     bool UseLargePagesIndividualAllocation        = false                                  {pd product} {ergonomic}

Logging:
Log output configuration:
 #0: stdout all=warning uptime,level,tags
 #1: stderr all=off uptime,level,tags

Environment Variables:
JAVA_HOME=C:\Program Files\Java\jdk-17
CLASSPATH=C:\FlutterApps\chatapp\android\\gradle\wrapper\gradle-wrapper.jar
PATH=C:\Program Files\Java\jdk-17\bin;C:\Program Files\Java\jdk-17\bin;C:\WINDOWS\system32;C:\WINDOWS;C:\WINDOWS\System32\Wbem;C:\WINDOWS\System32\WindowsPowerShell\v1.0\;C:\WINDOWS\System32\OpenSSH\;C:\Program Files\nodejs\;C:\Program Files\Common Files\Oracle\Java\javapath;C:\Android\cmdline-tools\latest\platform-tools;C:\Android\cmdline-tools\latest\platform;C:\Flutter\flutter\bin;C:\Program Files\Java\jdk-25\bin;C:\Program Files\Common Files\Oracle\Java\javapath;C:\WINDOWS\system32;C:\WINDOWS;C:\WINDOWS\System32\Wbem;C:\WINDOWS\System32\WindowsPowerShell\v1.0\;C:\WINDOWS\System32\OpenSSH\;C:\Program Files\nodejs\;C:\src\flutter\flutter\bin;C:\Program Files\Java\jdk-25\bin;C:\Android\cmdline-tools\latest\platform-tools;C:\Android\cmdline-tools\latest\platform;C:\Program Files\Java\jdk-25\bin;C:\Program Files\Common Files\Oracle\Java\javapath;C:\WINDOWS\system32;C:\WINDOWS;C:\WINDOWS\System32\Wbem;C:\WINDOWS\System32\WindowsPowerShell\v1.0\;C:\WINDOWS\System32\OpenSSH\;C:\Program Files\nodejs\;C:\src\flutter\flutter\bin;C:\Program Files\Java\jdk-25\bin;C:\Android\cmdline-tools\latest\platform-tools;C:\Android\cmdline-tools\latest\platform;C:\Users\Saini Ji\AppData\Local\Microsoft\WindowsApps;C:\Users\Saini Ji\AppData\Local\Programs\Windsurf\bin;C:\Users\Saini Ji\AppData\Roaming\npm;C:\Users\Saini Ji\AppData\Local\Programs\Microsoft VS Code\bin;C:\Flutter\flutter\bin\mingit\cmd
USERNAME=Saini Ji
OS=Windows_NT
PROCESSOR_IDENTIFIER=Intel64 Family 6 Model 23 Stepping 6, GenuineIntel



---------------  S Y S T E M  ---------------

OS:
 Windows 10 , 64 bit Build 19041 (10.0.19041.5915)
OS uptime: 0 days 0:21 hours

CPU: total 2 (initial active 2) (2 cores per cpu, 1 threads per core) family 6 model 23 stepping 6 microcode 0x610, cx8, cmov, fxsr, mmx, sse, sse2, sse3, ssse3, sse4.1, tsc, clflush

Memory: 4k page, system-wide physical 2013M (92M free)
TotalPageFile size 8157M (AvailPageFile size 4M)
current process WorkingSet (physical memory assigned to process): 47M, peak: 47M
current process commit charge ("private bytes"): 106M, peak: 106M

vm_info: Java HotSpot(TM) 64-Bit Server VM (17.0.12+8-LTS-286) for windows-amd64 JRE (17.0.12+8-LTS-286), built on Jun  5 2024 06:46:59 by "mach5one" with MS VC++ 17.6 (VS2022)

END.
