#
# There is insufficient memory for the Java Runtime Environment to continue.
# Native memory allocation (malloc) failed to allocate 33664 bytes for Chunk::new
# Possible reasons:
#   The system is out of physical RAM or swap space
#   The process is running with CompressedOops enabled, and the Java Heap may be blocking the growth of the native heap
# Possible solutions:
#   Reduce memory load on the system
#   Increase physical memory or swap space
#   Check if swap backing store is full
#   Decrease Java heap size (-Xmx/-Xms)
#   Decrease number of Java threads
#   Decrease Java thread stack sizes (-Xss)
#   Set larger code cache with -XX:ReservedCodeCacheSize=
#   JVM is running with Unscaled Compressed Oops mode in which the Java heap is
#     placed in the first 4GB address space. The Java Heap base address is the
#     maximum limit for the native heap growth. Please use -XX:HeapBaseMinAddress
#     to set the Java Heap base and to place the Java Heap above 4GB virtual address.
# This output file may be truncated or incomplete.
#
#  Out of Memory Error (arena.cpp:189), pid=7584, tid=3324
#
# JRE version: Java(TM) SE Runtime Environment (17.0.12+8) (build 17.0.12+8-LTS-286)
# Java VM: Java HotSpot(TM) 64-Bit Server VM (17.0.12+8-LTS-286, mixed mode, sharing, tiered, compressed oops, compressed class ptrs, g1 gc, windows-amd64)
# No core dump will be written. Minidumps are not enabled by default on client versions of Windows
#

---------------  S U M M A R Y ------------

Command Line: -Dorg.gradle.appname=gradlew org.gradle.wrapper.GradleWrapperMain --full-stacktrace --info -Pverbose=true -Ptarget-platform=android-arm64 -Ptarget=C:\FlutterApps\chatapp\lib\main.dart -Pbase-application-name=android.app.Application -Pdart-defines=RkxVVFRFUl9WRVJTSU9OPTMuMzUuNg==,RkxVVFRFUl9DSEFOTkVMPXN0YWJsZQ==,RkxVVFRFUl9HSVRfVVJMPWh0dHBzOi8vZ2l0aHViLmNvbS9mbHV0dGVyL2ZsdXR0ZXIuZ2l0,RkxVVFRFUl9GUkFNRVdPUktfUkVWSVNJT049OWY0NTVkMjQ4Ng==,RkxVVFRFUl9FTkdJTkVfUkVWSVNJT049ZDI5MTM2MzJhNA==,RkxVVFRFUl9EQVJUX1ZFUlNJT049My45LjI= -Pdart-obfuscation=false -Ptrack-widget-creation=true -Ptree-shake-icons=false -Pfilesystem-scheme=org-dartlang-root assembleDebug

Host: Intel(R) Core(TM)2 Duo CPU     E7300  @ 2.66GHz, 2 cores, 1G,  Windows 10 , 64 bit Build 19041 (10.0.19041.5915)
Time: Wed Oct 15 23:46:53 2025 India Standard Time elapsed time: 3.908535 seconds (0d 0h 0m 3s)

---------------  T H R E A D  ---------------

Current thread (0x000001467e9cb5c0):  JavaThread "C2 CompilerThread0" daemon [_thread_in_native, id=3324, stack(0x0000002536e00000,0x0000002536f00000)]


Current CompileTask:
C2:   3908  526       4       java.util.HashSet::add (20 bytes)

Stack: [0x0000002536e00000,0x0000002536f00000]
Native frames: (J=compiled Java code, j=interpreted, Vv=VM code, C=native code)
V  [jvm.dll+0x67a04a]
V  [jvm.dll+0x7da4ed]
V  [jvm.dll+0x7dbe33]
V  [jvm.dll+0x7dc4a3]
V  [jvm.dll+0x24508f]
V  [jvm.dll+0xab773]
V  [jvm.dll+0xabd3c]
V  [jvm.dll+0x2af500]
V  [jvm.dll+0x2af619]
V  [jvm.dll+0x2b338d]
V  [jvm.dll+0x2181d7]
V  [jvm.dll+0x215b65]
V  [jvm.dll+0x1a2960]
V  [jvm.dll+0x22610b]
V  [jvm.dll+0x2242ab]
V  [jvm.dll+0x79075c]
V  [jvm.dll+0x78abea]
V  [jvm.dll+0x678f35]
C  [ucrtbase.dll+0x21bb2]
C  [KERNEL32.DLL+0x17374]
C  [ntdll.dll+0x4cc91]


---------------  P R O C E S S  ---------------

Threads class SMR info:
_java_thread_list=0x000001467eae32f0, length=12, elements={
0x0000014664e3ac20, 0x0000014664f020d0, 0x0000014664f02e60, 0x000001467e9c5a80,
0x000001467e9c9770, 0x000001467e9ca040, 0x000001467e9ca910, 0x000001467e9cb5c0,
0x000001467e9cdfa0, 0x000001467ea3eac0, 0x000001467eaffa70, 0x000001467eb03200
}

Java Threads: ( => current thread )
  0x0000014664e3ac20 JavaThread "main" [_thread_in_Java, id=6988, stack(0x0000002536000000,0x0000002536100000)]
  0x0000014664f020d0 JavaThread "Reference Handler" daemon [_thread_blocked, id=5740, stack(0x0000002536800000,0x0000002536900000)]
  0x0000014664f02e60 JavaThread "Finalizer" daemon [_thread_blocked, id=5688, stack(0x0000002536900000,0x0000002536a00000)]
  0x000001467e9c5a80 JavaThread "Signal Dispatcher" daemon [_thread_blocked, id=1988, stack(0x0000002536a00000,0x0000002536b00000)]
  0x000001467e9c9770 JavaThread "Attach Listener" daemon [_thread_blocked, id=4060, stack(0x0000002536b00000,0x0000002536c00000)]
  0x000001467e9ca040 JavaThread "Service Thread" daemon [_thread_blocked, id=6568, stack(0x0000002536c00000,0x0000002536d00000)]
  0x000001467e9ca910 JavaThread "Monitor Deflation Thread" daemon [_thread_blocked, id=1464, stack(0x0000002536d00000,0x0000002536e00000)]
=>0x000001467e9cb5c0 JavaThread "C2 CompilerThread0" daemon [_thread_in_native, id=3324, stack(0x0000002536e00000,0x0000002536f00000)]
  0x000001467e9cdfa0 JavaThread "C1 CompilerThread0" daemon [_thread_blocked, id=5920, stack(0x0000002536f00000,0x0000002537000000)]
  0x000001467ea3eac0 JavaThread "Sweeper thread" daemon [_thread_blocked, id=3768, stack(0x0000002537000000,0x0000002537100000)]
  0x000001467eaffa70 JavaThread "Notification Thread" daemon [_thread_blocked, id=2856, stack(0x0000002537100000,0x0000002537200000)]
  0x000001467eb03200 JavaThread "Common-Cleaner" daemon [_thread_blocked, id=4960, stack(0x0000002537300000,0x0000002537400000)]

Other Threads:
  0x0000014664efd150 VMThread "VM Thread" [stack: 0x0000002536700000,0x0000002536800000] [id=3480]
  0x000001467eb01f60 WatcherThread [stack: 0x0000002537200000,0x0000002537300000] [id=796]
  0x0000014664e64eb0 GCTaskThread "GC Thread#0" [stack: 0x0000002536200000,0x0000002536300000] [id=8236]
  0x000001467ecb8f20 GCTaskThread "GC Thread#1" [stack: 0x0000002537400000,0x0000002537500000] [id=2756]
  0x0000014664e6ac20 ConcurrentGCThread "G1 Main Marker" [stack: 0x0000002536300000,0x0000002536400000] [id=3756]
  0x0000014664e6cd60 ConcurrentGCThread "G1 Conc#0" [stack: 0x0000002536400000,0x0000002536500000] [id=8532]
  0x0000014664e9bf30 ConcurrentGCThread "G1 Refine#0" [stack: 0x0000002536500000,0x0000002536600000] [id=5320]
  0x0000014664e9c870 ConcurrentGCThread "G1 Service" [stack: 0x0000002536600000,0x0000002536700000] [id=2144]

Threads with active compile tasks:
C2 CompilerThread0     3975  526       4       java.util.HashSet::add (20 bytes)

VM state: not at safepoint (normal execution)

VM Mutex/Monitor currently owned by a thread: None

Heap address: 0x00000000e0800000, size: 504 MB, Compressed Oops mode: 32-bit

CDS archive(s) mapped at: [0x0000014600000000-0x0000014600bd0000-0x0000014600bd0000), size 12386304, SharedBaseAddress: 0x0000014600000000, ArchiveRelocationMode: 1.
Compressed class space mapped at: 0x0000014601000000-0x0000014641000000, reserved size: 1073741824
Narrow klass base: 0x0000014600000000, Narrow klass shift: 0, Narrow klass range: 0x100000000

GC Precious Log:
 CPUs: 2 total, 2 available
 Memory: 2013M
 Large Page Support: Disabled
 NUMA Support: Disabled
 Compressed Oops: Enabled (32-bit)
 Heap Region Size: 1M
 Heap Min Capacity: 8M
 Heap Initial Capacity: 32M
 Heap Max Capacity: 504M
 Pre-touch: Disabled
 Parallel Workers: 2
 Concurrent Workers: 1
 Concurrent Refinement Workers: 2
 Periodic GC: Disabled

Heap:
 garbage-first heap   total 32768K, used 6753K [0x00000000e0800000, 0x0000000100000000)
  region size 1024K, 8 young (8192K), 1 survivors (1024K)
 Metaspace       used 1806K, committed 1856K, reserved 1114112K
  class space    used 163K, committed 192K, reserved 1048576K

Heap Regions: E=young(eden), S=young(survivor), O=old, HS=humongous(starts), HC=humongous(continues), CS=collection set, F=free, OA=open archive, CA=closed archive, TAMS=top-at-mark-start (previous, next)
|   0|0x00000000e0800000, 0x00000000e0900000, 0x00000000e0900000|100%| O|  |TAMS 0x00000000e0800000, 0x00000000e0800000| Untracked 
|   1|0x00000000e0900000, 0x00000000e093ce00, 0x00000000e0a00000| 23%| O|  |TAMS 0x00000000e0900000, 0x00000000e0900000| Untracked 
|   2|0x00000000e0a00000, 0x00000000e0a00000, 0x00000000e0b00000|  0%| F|  |TAMS 0x00000000e0a00000, 0x00000000e0a00000| Untracked 
|   3|0x00000000e0b00000, 0x00000000e0b00000, 0x00000000e0c00000|  0%| F|  |TAMS 0x00000000e0b00000, 0x00000000e0b00000| Untracked 
|   4|0x00000000e0c00000, 0x00000000e0c00000, 0x00000000e0d00000|  0%| F|  |TAMS 0x00000000e0c00000, 0x00000000e0c00000| Untracked 
|   5|0x00000000e0d00000, 0x00000000e0d00000, 0x00000000e0e00000|  0%| F|  |TAMS 0x00000000e0d00000, 0x00000000e0d00000| Untracked 
|   6|0x00000000e0e00000, 0x00000000e0e00000, 0x00000000e0f00000|  0%| F|  |TAMS 0x00000000e0e00000, 0x00000000e0e00000| Untracked 
|   7|0x00000000e0f00000, 0x00000000e0f00000, 0x00000000e1000000|  0%| F|  |TAMS 0x00000000e0f00000, 0x00000000e0f00000| Untracked 
|   8|0x00000000e1000000, 0x00000000e1000000, 0x00000000e1100000|  0%| F|  |TAMS 0x00000000e1000000, 0x00000000e1000000| Untracked 
|   9|0x00000000e1100000, 0x00000000e1100000, 0x00000000e1200000|  0%| F|  |TAMS 0x00000000e1100000, 0x00000000e1100000| Untracked 
|  10|0x00000000e1200000, 0x00000000e1200000, 0x00000000e1300000|  0%| F|  |TAMS 0x00000000e1200000, 0x00000000e1200000| Untracked 
|  11|0x00000000e1300000, 0x00000000e1300000, 0x00000000e1400000|  0%| F|  |TAMS 0x00000000e1300000, 0x00000000e1300000| Untracked 
|  12|0x00000000e1400000, 0x00000000e1400000, 0x00000000e1500000|  0%| F|  |TAMS 0x00000000e1400000, 0x00000000e1400000| Untracked 
|  13|0x00000000e1500000, 0x00000000e1500000, 0x00000000e1600000|  0%| F|  |TAMS 0x00000000e1500000, 0x00000000e1500000| Untracked 
|  14|0x00000000e1600000, 0x00000000e1600000, 0x00000000e1700000|  0%| F|  |TAMS 0x00000000e1600000, 0x00000000e1600000| Untracked 
|  15|0x00000000e1700000, 0x00000000e1700000, 0x00000000e1800000|  0%| F|  |TAMS 0x00000000e1700000, 0x00000000e1700000| Untracked 
|  16|0x00000000e1800000, 0x00000000e1800000, 0x00000000e1900000|  0%| F|  |TAMS 0x00000000e1800000, 0x00000000e1800000| Untracked 
|  17|0x00000000e1900000, 0x00000000e1900000, 0x00000000e1a00000|  0%| F|  |TAMS 0x00000000e1900000, 0x00000000e1900000| Untracked 
|  18|0x00000000e1a00000, 0x00000000e1a00000, 0x00000000e1b00000|  0%| F|  |TAMS 0x00000000e1a00000, 0x00000000e1a00000| Untracked 
|  19|0x00000000e1b00000, 0x00000000e1b00000, 0x00000000e1c00000|  0%| F|  |TAMS 0x00000000e1b00000, 0x00000000e1b00000| Untracked 
|  20|0x00000000e1c00000, 0x00000000e1c00000, 0x00000000e1d00000|  0%| F|  |TAMS 0x00000000e1c00000, 0x00000000e1c00000| Untracked 
|  21|0x00000000e1d00000, 0x00000000e1d00000, 0x00000000e1e00000|  0%| F|  |TAMS 0x00000000e1d00000, 0x00000000e1d00000| Untracked 
|  22|0x00000000e1e00000, 0x00000000e1e00000, 0x00000000e1f00000|  0%| F|  |TAMS 0x00000000e1e00000, 0x00000000e1e00000| Untracked 
|  23|0x00000000e1f00000, 0x00000000e1f00000, 0x00000000e2000000|  0%| F|  |TAMS 0x00000000e1f00000, 0x00000000e1f00000| Untracked 
|  24|0x00000000e2000000, 0x00000000e205b8a0, 0x00000000e2100000| 35%| S|CS|TAMS 0x00000000e2000000, 0x00000000e2000000| Complete 
|  25|0x00000000e2100000, 0x00000000e2137af8, 0x00000000e2200000| 21%| E|  |TAMS 0x00000000e2100000, 0x00000000e2100000| Complete 
|  26|0x00000000e2200000, 0x00000000e2300000, 0x00000000e2300000|100%| E|CS|TAMS 0x00000000e2200000, 0x00000000e2200000| Complete 
|  27|0x00000000e2300000, 0x00000000e2400000, 0x00000000e2400000|100%| E|CS|TAMS 0x00000000e2300000, 0x00000000e2300000| Complete 
|  28|0x00000000e2400000, 0x00000000e2500000, 0x00000000e2500000|100%| E|CS|TAMS 0x00000000e2400000, 0x00000000e2400000| Complete 
|  29|0x00000000e2500000, 0x00000000e2600000, 0x00000000e2600000|100%| E|CS|TAMS 0x00000000e2500000, 0x00000000e2500000| Complete 
|  30|0x00000000e2600000, 0x00000000e2700000, 0x00000000e2700000|100%| E|CS|TAMS 0x00000000e2600000, 0x00000000e2600000| Complete 
|  31|0x00000000e2700000, 0x00000000e2800000, 0x00000000e2800000|100%| E|  |TAMS 0x00000000e2700000, 0x00000000e2700000| Complete 

Card table byte_map: [0x0000014664b10000,0x0000014664c10000] _byte_map_base: 0x000001466440c000

Marking Bits (Prev, Next): (CMBitMap*) 0x0000014664e663f0, (CMBitMap*) 0x0000014664e66430
 Prev Bits: [0x000001467b700000, 0x000001467bee0000)
 Next Bits: [0x000001467bee0000, 0x000001467c6c0000)

Polling page: 0x0000014662d70000

Metaspace:

Usage:
  Non-class:      1.60 MB used.
      Class:    163.09 KB used.
       Both:      1.76 MB used.

Virtual space:
  Non-class space:       64.00 MB reserved,       1.62 MB (  3%) committed,  1 nodes.
      Class space:        1.00 GB reserved,     192.00 KB ( <1%) committed,  1 nodes.
             Both:        1.06 GB reserved,       1.81 MB ( <1%) committed. 

Chunk freelists:
   Non-Class:  11.69 MB
       Class:  15.69 MB
        Both:  27.38 MB

MaxMetaspaceSize: unlimited
CompressedClassSpaceSize: 1.00 GB
Initial GC threshold: 21.00 MB
Current GC threshold: 21.00 MB
CDS: on
MetaspaceReclaimPolicy: balanced
 - commit_granule_bytes: 65536.
 - commit_granule_words: 8192.
 - virtual_space_node_default_size: 8388608.
 - enlarge_chunks_in_place: 1.
 - new_chunks_are_fully_committed: 0.
 - uncommit_free_chunks: 1.
 - use_allocation_guard: 0.
 - handle_deallocations: 1.


Internal statistics:

num_allocs_failed_limit: 0.
num_arena_births: 12.
num_arena_deaths: 0.
num_vsnodes_births: 2.
num_vsnodes_deaths: 0.
num_space_committed: 29.
num_space_uncommitted: 0.
num_chunks_returned_to_freelist: 0.
num_chunks_taken_from_freelist: 42.
num_chunk_merges: 0.
num_chunk_splits: 21.
num_chunks_enlarged: 16.
num_inconsistent_stats: 0.

CodeHeap 'non-profiled nmethods': size=120064Kb used=187Kb max_used=187Kb free=119876Kb
 bounds [0x00000146741c0000, 0x0000014674430000, 0x000001467b700000]
CodeHeap 'profiled nmethods': size=120000Kb used=861Kb max_used=861Kb free=119138Kb
 bounds [0x000001466c700000, 0x000001466c970000, 0x0000014673c30000]
CodeHeap 'non-nmethods': size=5696Kb used=1120Kb max_used=1138Kb free=4575Kb
 bounds [0x0000014673c30000, 0x0000014673ea0000, 0x00000146741c0000]
 total_blobs=941 nmethods=536 adapters=319
 compilation: enabled
              stopped_count=0, restarted_count=0
 full_count=0

Compilation events (20 events):
Event: 3.848 Thread 0x000001467e9cdfa0 nmethod 516 0x000001466c7cab10 code [0x000001466c7cb0e0, 0x000001466c7cdd08]
Event: 3.850 Thread 0x000001467e9cdfa0  517   !   3       java.util.zip.ZipFile$ZipFileInflaterInputStream::close (67 bytes)
Event: 3.850 Thread 0x000001467e9cdfa0 nmethod 517 0x000001466c7cee10 code [0x000001466c7cf040, 0x000001466c7cf898]
Event: 3.852 Thread 0x000001467e9cb5c0  518       4       java.util.HashMap::putVal (300 bytes)
Event: 3.862 Thread 0x000001467e9cb5c0 nmethod 518 0x00000146741ec010 code [0x00000146741ec1e0, 0x00000146741ec8f8]
Event: 3.863 Thread 0x000001467e9cb5c0  519       4       java.util.HashMap::put (13 bytes)
Event: 3.873 Thread 0x000001467e9cb5c0 nmethod 519 0x00000146741ecd90 code [0x00000146741ecf60, 0x00000146741ed6d8]
Event: 3.877 Thread 0x000001467e9cdfa0  520       3       java.util.HashSet::<init> (18 bytes)
Event: 3.878 Thread 0x000001467e9cdfa0 nmethod 520 0x000001466c7cfc10 code [0x000001466c7cfde0, 0x000001466c7d0188]
Event: 3.878 Thread 0x000001467e9cdfa0  521       3       java.util.LinkedHashSet::<init> (10 bytes)
Event: 3.878 Thread 0x000001467e9cdfa0 nmethod 521 0x000001466c7d0310 code [0x000001466c7d04e0, 0x000001466c7d0628]
Event: 3.878 Thread 0x000001467e9cb5c0  522       4       java.util.HashMap::put (13 bytes)
Event: 3.890 Thread 0x000001467e9cb5c0 nmethod 522 0x00000146741edc10 code [0x00000146741edde0, 0x00000146741ee5a8]
Event: 3.890 Thread 0x000001467e9cdfa0  523       3       org.gradle.api.internal.classpath.DefaultModuleRegistry::getModule (38 bytes)
Event: 3.890 Thread 0x000001467e9cdfa0 nmethod 523 0x000001466c7d0710 code [0x000001466c7d08e0, 0x000001466c7d0d48]
Event: 3.891 Thread 0x000001467e9cdfa0  524       3       org.gradle.api.internal.classpath.DefaultModuleRegistry$DefaultModule::collectRequiredModules (99 bytes)
Event: 3.891 Thread 0x000001467e9cdfa0 nmethod 524 0x000001466c7d0e90 code [0x000001466c7d1120, 0x000001466c7d1db8]
Event: 3.891 Thread 0x000001467e9cdfa0  525       3       java.util.LinkedHashMap::afterNodeAccess (116 bytes)
Event: 3.892 Thread 0x000001467e9cdfa0 nmethod 525 0x000001466c7d2210 code [0x000001466c7d23e0, 0x000001466c7d2a38]
Event: 3.892 Thread 0x000001467e9cb5c0  526       4       java.util.HashSet::add (20 bytes)

GC Heap History (4 events):
Event: 3.154 GC heap before
{Heap before GC invocations=0 (full 0):
 garbage-first heap   total 32768K, used 6144K [0x00000000e0800000, 0x0000000100000000)
  region size 1024K, 6 young (6144K), 0 survivors (0K)
 Metaspace       used 1724K, committed 1792K, reserved 1114112K
  class space    used 163K, committed 192K, reserved 1048576K
}
Event: 3.269 GC heap after
{Heap after GC invocations=1 (full 0):
 garbage-first heap   total 32768K, used 1245K [0x00000000e0800000, 0x0000000100000000)
  region size 1024K, 1 young (1024K), 1 survivors (1024K)
 Metaspace       used 1724K, committed 1792K, reserved 1114112K
  class space    used 163K, committed 192K, reserved 1048576K
}
Event: 3.607 GC heap before
{Heap before GC invocations=1 (full 0):
 garbage-first heap   total 32768K, used 7389K [0x00000000e0800000, 0x0000000100000000)
  region size 1024K, 7 young (7168K), 1 survivors (1024K)
 Metaspace       used 1777K, committed 1856K, reserved 1114112K
  class space    used 163K, committed 192K, reserved 1048576K
}
Event: 3.612 GC heap after
{Heap after GC invocations=2 (full 0):
 garbage-first heap   total 32768K, used 1633K [0x00000000e0800000, 0x0000000100000000)
  region size 1024K, 1 young (1024K), 1 survivors (1024K)
 Metaspace       used 1777K, committed 1856K, reserved 1114112K
  class space    used 163K, committed 192K, reserved 1048576K
}

Deoptimization events (20 events):
Event: 3.877 Thread 0x0000014664e3ac20 Uncommon trap: trap_request=0xffffffde fr.pc=0x00000146741ed630 relative=0x00000000000006d0
Event: 3.877 Thread 0x0000014664e3ac20 Uncommon trap: reason=class_check action=maybe_recompile pc=0x00000146741ed630 method=java.util.HashMap.putVal(ILjava/lang/Object;Ljava/lang/Object;ZZ)Ljava/lang/Object; @ 253 c2
Event: 3.877 Thread 0x0000014664e3ac20 DEOPT PACKING pc=0x00000146741ed630 sp=0x00000025360fe1f0
Event: 3.877 Thread 0x0000014664e3ac20 DEOPT UNPACKING pc=0x0000014673c8239d sp=0x00000025360fe100 mode 2
Event: 3.877 Thread 0x0000014664e3ac20 Uncommon trap: trap_request=0xffffffde fr.pc=0x00000146741ed630 relative=0x00000000000006d0
Event: 3.877 Thread 0x0000014664e3ac20 Uncommon trap: reason=class_check action=maybe_recompile pc=0x00000146741ed630 method=java.util.HashMap.putVal(ILjava/lang/Object;Ljava/lang/Object;ZZ)Ljava/lang/Object; @ 253 c2
Event: 3.877 Thread 0x0000014664e3ac20 DEOPT PACKING pc=0x00000146741ed630 sp=0x00000025360fe0f0
Event: 3.877 Thread 0x0000014664e3ac20 DEOPT UNPACKING pc=0x0000014673c8239d sp=0x00000025360fe000 mode 2
Event: 3.877 Thread 0x0000014664e3ac20 Uncommon trap: trap_request=0xffffffde fr.pc=0x00000146741ed630 relative=0x00000000000006d0
Event: 3.877 Thread 0x0000014664e3ac20 Uncommon trap: reason=class_check action=maybe_recompile pc=0x00000146741ed630 method=java.util.HashMap.putVal(ILjava/lang/Object;Ljava/lang/Object;ZZ)Ljava/lang/Object; @ 253 c2
Event: 3.877 Thread 0x0000014664e3ac20 DEOPT PACKING pc=0x00000146741ed630 sp=0x00000025360fe0f0
Event: 3.877 Thread 0x0000014664e3ac20 DEOPT UNPACKING pc=0x0000014673c8239d sp=0x00000025360fe000 mode 2
Event: 3.877 Thread 0x0000014664e3ac20 Uncommon trap: trap_request=0xffffffde fr.pc=0x00000146741ed630 relative=0x00000000000006d0
Event: 3.877 Thread 0x0000014664e3ac20 Uncommon trap: reason=class_check action=maybe_recompile pc=0x00000146741ed630 method=java.util.HashMap.putVal(ILjava/lang/Object;Ljava/lang/Object;ZZ)Ljava/lang/Object; @ 253 c2
Event: 3.877 Thread 0x0000014664e3ac20 DEOPT PACKING pc=0x00000146741ed630 sp=0x00000025360fe0f0
Event: 3.877 Thread 0x0000014664e3ac20 DEOPT UNPACKING pc=0x0000014673c8239d sp=0x00000025360fe000 mode 2
Event: 3.877 Thread 0x0000014664e3ac20 Uncommon trap: trap_request=0xffffffde fr.pc=0x00000146741ec844 relative=0x0000000000000664
Event: 3.877 Thread 0x0000014664e3ac20 Uncommon trap: reason=class_check action=maybe_recompile pc=0x00000146741ec844 method=java.util.HashMap.putVal(ILjava/lang/Object;Ljava/lang/Object;ZZ)Ljava/lang/Object; @ 253 c2
Event: 3.877 Thread 0x0000014664e3ac20 DEOPT PACKING pc=0x00000146741ec844 sp=0x00000025360fe030
Event: 3.877 Thread 0x0000014664e3ac20 DEOPT UNPACKING pc=0x0000014673c8239d sp=0x00000025360fdff0 mode 2

Classes unloaded (0 events):
No events

Classes redefined (0 events):
No events

Internal exceptions (1 events):
Event: 2.322 Thread 0x0000014664e3ac20 Exception <a 'java/lang/NoSuchMethodError'{0x00000000e2585080}: 'int java.lang.invoke.DirectMethodHandle$Holder.invokeStaticInit(java.lang.Object, java.lang.Object)'> (0x00000000e2585080) 
thrown [s\open\src\hotspot\share\interpreter\linkResolver.cpp, line 759]

VM Operations (10 events):
Event: 1.459 Executing VM operation: Cleanup
Event: 1.459 Executing VM operation: Cleanup done
Event: 1.796 Executing VM operation: HandshakeAllThreads
Event: 1.798 Executing VM operation: HandshakeAllThreads done
Event: 2.803 Executing VM operation: Cleanup
Event: 2.851 Executing VM operation: Cleanup done
Event: 3.099 Executing VM operation: G1CollectForAllocation
Event: 3.269 Executing VM operation: G1CollectForAllocation done
Event: 3.607 Executing VM operation: G1CollectForAllocation
Event: 3.612 Executing VM operation: G1CollectForAllocation done

Events (20 events):
Event: 2.270 loading class java/io/FilePermission$1
Event: 2.270 loading class jdk/internal/access/JavaIOFilePermissionAccess
Event: 2.271 loading class jdk/internal/access/JavaIOFilePermissionAccess done
Event: 2.271 loading class java/io/FilePermission$1 done
Event: 2.271 loading class java/io/FilePermissionCollection
Event: 2.272 loading class java/io/FilePermissionCollection done
Event: 2.272 loading class java/util/Vector
Event: 2.273 loading class java/util/Vector done
Event: 2.273 loading class java/io/FilePermissionCollection$1
Event: 2.273 loading class java/io/FilePermissionCollection$1 done
Event: 2.334 loading class java/net/MalformedURLException
Event: 2.334 loading class java/net/MalformedURLException done
Event: 2.337 loading class java/io/FileFilter
Event: 2.337 loading class java/io/FileFilter done
Event: 2.607 loading class java/util/AbstractList$Itr
Event: 2.608 loading class java/util/AbstractList$Itr done
Event: 2.611 loading class java/util/zip/ZipException
Event: 2.611 loading class java/util/zip/ZipException done
Event: 2.643 loading class java/lang/invoke/DirectMethodHandle$Special
Event: 2.644 loading class java/lang/invoke/DirectMethodHandle$Special done


Dynamic libraries:
0x00007ff6df0f0000 - 0x00007ff6df100000 	C:\Program Files\Java\jdk-17\bin\java.exe
0x00007ffb3aa10000 - 0x00007ffb3ac08000 	C:\WINDOWS\SYSTEM32\ntdll.dll
0x00007ffb39a20000 - 0x00007ffb39ae2000 	C:\WINDOWS\System32\KERNEL32.DLL
0x00007ffb37080000 - 0x00007ffb37376000 	C:\WINDOWS\System32\KERNELBASE.dll
0x00007ffb36f80000 - 0x00007ffb37080000 	C:\WINDOWS\System32\ucrtbase.dll
0x00007ffb1c100000 - 0x00007ffb1c119000 	C:\Program Files\Java\jdk-17\bin\jli.dll
0x00007ffb39fd0000 - 0x00007ffb3a081000 	C:\WINDOWS\System32\ADVAPI32.dll
0x00007ffb398b0000 - 0x00007ffb3994e000 	C:\WINDOWS\System32\msvcrt.dll
0x00007ffb381b0000 - 0x00007ffb3824f000 	C:\WINDOWS\System32\sechost.dll
0x00007ffb3a140000 - 0x00007ffb3a260000 	C:\WINDOWS\System32\RPCRT4.dll
0x00007ffb38050000 - 0x00007ffb38077000 	C:\WINDOWS\System32\bcrypt.dll
0x00007ffb38bb0000 - 0x00007ffb38d4d000 	C:\WINDOWS\System32\USER32.dll
0x00007ffb37430000 - 0x00007ffb37452000 	C:\WINDOWS\System32\win32u.dll
0x00007ffb388a0000 - 0x00007ffb388cb000 	C:\WINDOWS\System32\GDI32.dll
0x00007ffb37ce0000 - 0x00007ffb37df9000 	C:\WINDOWS\System32\gdi32full.dll
0x00007ffb37c40000 - 0x00007ffb37cdd000 	C:\WINDOWS\System32\msvcp_win.dll
0x00007ffb1c0e0000 - 0x00007ffb1c0fb000 	C:\Program Files\Java\jdk-17\bin\VCRUNTIME140.dll
0x00007ffb24190000 - 0x00007ffb2442b000 	C:\WINDOWS\WinSxS\amd64_microsoft.windows.common-controls_6595b64144ccf1df_6.0.19041.6280_none_60bc30a171f2f3f3\COMCTL32.dll
0x00007ffb2b420000 - 0x00007ffb2b42a000 	C:\WINDOWS\SYSTEM32\VERSION.dll
0x00007ffb380e0000 - 0x00007ffb3810f000 	C:\WINDOWS\System32\IMM32.DLL
0x00007ffb1c0d0000 - 0x00007ffb1c0dc000 	C:\Program Files\Java\jdk-17\bin\vcruntime140_1.dll
0x00007ffb16900000 - 0x00007ffb1698e000 	C:\Program Files\Java\jdk-17\bin\msvcp140.dll
0x00007ffaf5950000 - 0x00007ffaf6530000 	C:\Program Files\Java\jdk-17\bin\server\jvm.dll
0x00007ffb39110000 - 0x00007ffb39118000 	C:\WINDOWS\System32\PSAPI.DLL
0x00007ffb19cd0000 - 0x00007ffb19cd9000 	C:\WINDOWS\SYSTEM32\WSOCK32.dll
0x00007ffb38450000 - 0x00007ffb384bb000 	C:\WINDOWS\System32\WS2_32.dll
0x00007ffb29730000 - 0x00007ffb29757000 	C:\WINDOWS\SYSTEM32\WINMM.dll
0x00007ffb35560000 - 0x00007ffb35572000 	C:\WINDOWS\SYSTEM32\kernel.appcore.dll
0x00007ffb19cc0000 - 0x00007ffb19cca000 	C:\Program Files\Java\jdk-17\bin\jimage.dll
0x00007ffb262e0000 - 0x00007ffb264e1000 	C:\WINDOWS\SYSTEM32\DBGHELP.DLL
0x00007ffb262a0000 - 0x00007ffb262d4000 	C:\WINDOWS\SYSTEM32\dbgcore.DLL
0x00007ffb37fc0000 - 0x00007ffb38042000 	C:\WINDOWS\System32\bcryptPrimitives.dll
0x00007ffb15230000 - 0x00007ffb15255000 	C:\Program Files\Java\jdk-17\bin\java.dll
0x00007ffb14fa0000 - 0x00007ffb15077000 	C:\Program Files\Java\jdk-17\bin\jsvml.dll
0x00007ffb3a260000 - 0x00007ffb3a9d0000 	C:\WINDOWS\System32\SHELL32.dll
0x00007ffb37490000 - 0x00007ffb37c35000 	C:\WINDOWS\System32\windows.storage.dll
0x00007ffb38540000 - 0x00007ffb38893000 	C:\WINDOWS\System32\combase.dll
0x00007ffb36ed0000 - 0x00007ffb36efb000 	C:\WINDOWS\System32\Wldp.dll
0x00007ffb39950000 - 0x00007ffb39a1d000 	C:\WINDOWS\System32\OLEAUT32.dll
0x00007ffb38340000 - 0x00007ffb383ed000 	C:\WINDOWS\System32\SHCORE.dll
0x00007ffb38110000 - 0x00007ffb3816b000 	C:\WINDOWS\System32\shlwapi.dll
0x00007ffb36e00000 - 0x00007ffb36e24000 	C:\WINDOWS\SYSTEM32\profapi.dll
0x00007ffb168d0000 - 0x00007ffb168e9000 	C:\Program Files\Java\jdk-17\bin\net.dll
0x00007ffb30eb0000 - 0x00007ffb30fba000 	C:\WINDOWS\SYSTEM32\WINHTTP.dll
0x00007ffb365c0000 - 0x00007ffb3662a000 	C:\WINDOWS\system32\mswsock.dll
0x00007ffb15210000 - 0x00007ffb15226000 	C:\Program Files\Java\jdk-17\bin\nio.dll
0x00007ffb151f0000 - 0x00007ffb15208000 	C:\Program Files\Java\jdk-17\bin\zip.dll
0x00007ffb19cb0000 - 0x00007ffb19cc0000 	C:\Program Files\Java\jdk-17\bin\verify.dll

dbghelp: loaded successfully - version: 4.0.5 - missing functions: none
symbol engine: initialized successfully - sym options: 0x614 - pdb path: .;C:\Program Files\Java\jdk-17\bin;C:\WINDOWS\SYSTEM32;C:\WINDOWS\WinSxS\amd64_microsoft.windows.common-controls_6595b64144ccf1df_6.0.19041.6280_none_60bc30a171f2f3f3;C:\Program Files\Java\jdk-17\bin\server

VM Arguments:
jvm_args: -Dorg.gradle.appname=gradlew 
java_command: org.gradle.wrapper.GradleWrapperMain --full-stacktrace --info -Pverbose=true -Ptarget-platform=android-arm64 -Ptarget=C:\FlutterApps\chatapp\lib\main.dart -Pbase-application-name=android.app.Application -Pdart-defines=RkxVVFRFUl9WRVJTSU9OPTMuMzUuNg==,RkxVVFRFUl9DSEFOTkVMPXN0YWJsZQ==,RkxVVFRFUl9HSVRfVVJMPWh0dHBzOi8vZ2l0aHViLmNvbS9mbHV0dGVyL2ZsdXR0ZXIuZ2l0,RkxVVFRFUl9GUkFNRVdPUktfUkVWSVNJT049OWY0NTVkMjQ4Ng==,RkxVVFRFUl9FTkdJTkVfUkVWSVNJT049ZDI5MTM2MzJhNA==,RkxVVFRFUl9EQVJUX1ZFUlNJT049My45LjI= -Pdart-obfuscation=false -Ptrack-widget-creation=true -Ptree-shake-icons=false -Pfilesystem-scheme=org-dartlang-root assembleDebug
java_class_path (initial): C:\FlutterApps\chatapp\android\\gradle\wrapper\gradle-wrapper.jar
Launcher Type: SUN_STANDARD

[Global flags]
     intx CICompilerCount                          = 2                                         {product} {ergonomic}
     uint ConcGCThreads                            = 1                                         {product} {ergonomic}
     uint G1ConcRefinementThreads                  = 2                                         {product} {ergonomic}
   size_t G1HeapRegionSize                         = 1048576                                   {product} {ergonomic}
    uintx GCDrainStackTargetSize                   = 64                                        {product} {ergonomic}
   size_t InitialHeapSize                          = 33554432                                  {product} {ergonomic}
   size_t MarkStackSize                            = 4194304                                   {product} {ergonomic}
   size_t MaxHeapSize                              = 528482304                                 {product} {ergonomic}
   size_t MaxNewSize                               = 316669952                                 {product} {ergonomic}
   size_t MinHeapDeltaBytes                        = 1048576                                   {product} {ergonomic}
   size_t MinHeapSize                              = 8388608                                   {product} {ergonomic}
    uintx NonNMethodCodeHeapSize                   = 5826188                                {pd product} {ergonomic}
    uintx NonProfiledCodeHeapSize                  = 122916026                              {pd product} {ergonomic}
    uintx ProfiledCodeHeapSize                     = 122916026                              {pd product} {ergonomic}
    uintx ReservedCodeCacheSize                    = 251658240                              {pd product} {ergonomic}
     bool SegmentedCodeCache                       = true                                      {product} {ergonomic}
   size_t SoftMaxHeapSize                          = 528482304                              {manageable} {ergonomic}
     bool UseCompressedClassPointers               = true                           {product lp64_product} {ergonomic}
     bool UseCompressedOops                        = true                           {product lp64_product} {ergonomic}
     bool UseG1GC                                  = true                                      {product} {ergonomic}
     bool UseLargePagesIndividualAllocation        = false                                  {pd product} {ergonomic}

Logging:
Log output configuration:
 #0: stdout all=warning uptime,level,tags
 #1: stderr all=off uptime,level,tags

Environment Variables:
JAVA_HOME=C:\Program Files\Java\jdk-17
CLASSPATH=C:\FlutterApps\chatapp\android\\gradle\wrapper\gradle-wrapper.jar
PATH=C:\Program Files\Java\jdk-17\bin;C:\Program Files\Java\jdk-17\bin;C:\WINDOWS\system32;C:\WINDOWS;C:\WINDOWS\System32\Wbem;C:\WINDOWS\System32\WindowsPowerShell\v1.0\;C:\WINDOWS\System32\OpenSSH\;C:\Program Files\nodejs\;C:\Program Files\Common Files\Oracle\Java\javapath;C:\Android\cmdline-tools\latest\platform-tools;C:\Android\cmdline-tools\latest\platform;C:\Flutter\flutter\bin;C:\Program Files\Java\jdk-25\bin;C:\Program Files\Common Files\Oracle\Java\javapath;C:\WINDOWS\system32;C:\WINDOWS;C:\WINDOWS\System32\Wbem;C:\WINDOWS\System32\WindowsPowerShell\v1.0\;C:\WINDOWS\System32\OpenSSH\;C:\Program Files\nodejs\;C:\src\flutter\flutter\bin;C:\Program Files\Java\jdk-25\bin;C:\Android\cmdline-tools\latest\platform-tools;C:\Android\cmdline-tools\latest\platform;C:\Program Files\Java\jdk-25\bin;C:\Program Files\Common Files\Oracle\Java\javapath;C:\WINDOWS\system32;C:\WINDOWS;C:\WINDOWS\System32\Wbem;C:\WINDOWS\System32\WindowsPowerShell\v1.0\;C:\WINDOWS\System32\OpenSSH\;C:\Program Files\nodejs\;C:\src\flutter\flutter\bin;C:\Program Files\Java\jdk-25\bin;C:\Android\cmdline-tools\latest\platform-tools;C:\Android\cmdline-tools\latest\platform;C:\Users\Saini Ji\AppData\Local\Microsoft\WindowsApps;C:\Users\Saini Ji\AppData\Local\Programs\Windsurf\bin;C:\Users\Saini Ji\AppData\Roaming\npm;C:\Users\Saini Ji\AppData\Local\Programs\Microsoft VS Code\bin;C:\Flutter\flutter\bin\mingit\cmd
USERNAME=Saini Ji
OS=Windows_NT
PROCESSOR_IDENTIFIER=Intel64 Family 6 Model 23 Stepping 6, GenuineIntel



---------------  S Y S T E M  ---------------

OS:
 Windows 10 , 64 bit Build 19041 (10.0.19041.5915)
OS uptime: 0 days 0:24 hours

CPU: total 2 (initial active 2) (2 cores per cpu, 1 threads per core) family 6 model 23 stepping 6 microcode 0x610, cx8, cmov, fxsr, mmx, sse, sse2, sse3, ssse3, sse4.1, tsc, clflush

Memory: 4k page, system-wide physical 2013M (243M free)
TotalPageFile size 8157M (AvailPageFile size 1M)
current process WorkingSet (physical memory assigned to process): 41M, peak: 45M
current process commit charge ("private bytes"): 101M, peak: 101M

vm_info: Java HotSpot(TM) 64-Bit Server VM (17.0.12+8-LTS-286) for windows-amd64 JRE (17.0.12+8-LTS-286), built on Jun  5 2024 06:46:59 by "mach5one" with MS VC++ 17.6 (VS2022)

END.
